### gde_long1_a.out ###
GT.M MUPIP EXTRACT
^Aa3="1"
^Aa3(1)="3"
^Aa34="1"
^Aa34(1)="3"
^Aa345="1"
^Aa345(1)="3"
^Aa3456="1"
^Aa3456(1)="3"
^Aa34567="1"
^Aa34567(1)="3"
^Aa345678="1"
^Aa345678(1)="3"
^Aa3456789="1"
^Aa3456789(1)="3"
^Aa34567890="1"
^Aa34567890(1)="3"
^Aa345678901="1"
^Aa345678901(1)="3"
^Aa3456789012="1"
^Aa3456789012(1)="3"
^Aa34567890123="1"
^Aa34567890123(1)="3"
^Aa345678901234="1"
^Aa345678901234(1)="3"
^Aa3456789012345="1"
^Aa3456789012345(1)="3"
^Aa34567890123456="1"
^Aa34567890123456(1)="3"
^Aa345678901234567="1"
^Aa345678901234567(1)="3"
^Aa3456789012345678="1"
^Aa3456789012345678(1)="3"
^Aa34567890123456789="1"
^Aa34567890123456789(1)="3"
^Aa345678901234567890="1"
^Aa345678901234567890(1)="3"
^Aa3456789012345678901="1"
^Aa3456789012345678901(1)="3"
^Aa34567890123456789012="1"
^Aa34567890123456789012(1)="3"
^Aa345678901234567890123="1"
^Aa345678901234567890123(1)="3"
^Aa3456789012345678901234="1"
^Aa3456789012345678901234(1)="3"
^Aa34567890123456789012345="1"
^Aa34567890123456789012345(1)="3"
^Aa345678901234567890123456="1"
^Aa345678901234567890123456(1)="3"
^Aa3456789012345678901234567="1"
^Aa3456789012345678901234567(1)="3"
^Aa34567890123456789012345678="1"
^Aa34567890123456789012345678(1)="3"
^Aa345678901234567890123456789="1"
^Aa345678901234567890123456789(1)="3"
^Aa3456789012345678901234567890="1"
^Aa3456789012345678901234567890(1)="3"
^Aa34567890123456789012345678901="2"
^Aa34567890123456789012345678901(1)="4"
^Aa3456789012345678901234567890a="2"
^Aa3456789012345678901234567890a(1)="4"
^Aa345678901234567890123456789a="2"
^Aa345678901234567890123456789a(1)="4"
^Aa34567890123456789012345678a="2"
^Aa34567890123456789012345678a(1)="4"
^Aa3456789012345678901234567a="2"
^Aa3456789012345678901234567a(1)="4"
^Aa345678901234567890123456a="2"
^Aa345678901234567890123456a(1)="4"
^Aa34567890123456789012345a="2"
^Aa34567890123456789012345a(1)="4"
^Aa3456789012345678901234a="2"
^Aa3456789012345678901234a(1)="4"
^Aa345678901234567890123a="2"
^Aa345678901234567890123a(1)="4"
^Aa34567890123456789012a="2"
^Aa34567890123456789012a(1)="4"
^Aa3456789012345678901a="2"
^Aa3456789012345678901a(1)="4"
^Aa345678901234567890a="2"
^Aa345678901234567890a(1)="4"
^Aa34567890123456789a="2"
^Aa34567890123456789a(1)="4"
^Aa3456789012345678a="2"
^Aa3456789012345678a(1)="4"
^Aa345678901234567a="2"
^Aa345678901234567a(1)="4"
^Aa34567890123456a="2"
^Aa34567890123456a(1)="4"
^Aa3456789012345a="2"
^Aa3456789012345a(1)="4"
^Aa345678901234a="2"
^Aa345678901234a(1)="4"
^Aa34567890123a="2"
^Aa34567890123a(1)="4"
^Aa3456789012a="2"
^Aa3456789012a(1)="4"
^Aa345678901a="2"
^Aa345678901a(1)="4"
^Aa34567890a="2"
^Aa34567890a(1)="4"
^Aa3456789a="2"
^Aa3456789a(1)="4"
^Aa345678a="2"
^Aa345678a(1)="4"
^Aa34567a="2"
^Aa34567a(1)="4"
^Aa3456a="2"
^Aa3456a(1)="4"
^Aa345a="2"
^Aa345a(1)="4"
^Aa34a="2"
^Aa34a(1)="4"
^Aa3a="2"
^Aa3a(1)="4"
### gde_long1_b.out ###
GT.M MUPIP EXTRACT
^Ba345678901="1"
^Ba345678901(1)="3"
^Bb3456789012345678901="1"
^Bb3456789012345678901(1)="3"
^Bc345678901234567890123456789="1"
^Bc345678901234567890123456789(1)="3"
^Bc3456789012345678901234567890="1"
^Bc3456789012345678901234567890(1)="3"
^Bc34567890123456789012345678901="2"
^Bc34567890123456789012345678901(1)="4"
^Bc3456789012345678901234567890a="2"
^Bc3456789012345678901234567890a(1)="4"
^Bc345678901234567890123456789a="2"
^Bc345678901234567890123456789a(1)="4"
### gde_long1_d.out ###
GT.M MUPIP EXTRACT
^Cc345678901234567890123456789="1"
^Cc345678901234567890123456789(1)="3"
^Cc3456789012345678901234567890="1"
^Cc3456789012345678901234567890(1)="3"
^Cc34567890123456789012345678901="2"
^Cc34567890123456789012345678901(1)="4"
^Cc3456789012345678901234567890a="2"
^Cc3456789012345678901234567890a(1)="4"
^Cc345678901234567890123456789a="2"
^Cc345678901234567890123456789a(1)="4"
^Cd3456789012345678901234567890="1"
^Cd3456789012345678901234567890(1)="3"
^Dc345678901234567890123456789="1"
^Dc345678901234567890123456789(1)="3"
^Dd3456789012345678901234567890="1"
^Dd3456789012345678901234567890(1)="3"
^Dd34567890123456789012345678902="1"
^Dd34567890123456789012345678902(1)="2"
^Dd3456789012345678901234567890a="2"
^Dd3456789012345678901234567890a(1)="4"
### gde_long1_mumps.out ###
GT.M MUPIP EXTRACT
^A234567890123456789012345678900="2"
^A234567890123456789012345678900(1)="4"
^A234567890123456789012345678901="2"
^A234567890123456789012345678901(1)="4"
^A234567890123456789012345678902="2"
^A234567890123456789012345678902(1)="4"
^A234567890123456789012345678903="2"
^A234567890123456789012345678903(1)="4"
^A234567890123456789012345678904="2"
^A234567890123456789012345678904(1)="4"
^A234567890123456789012345678905="2"
^A234567890123456789012345678905(1)="4"
^A234567890123456789012345678906="2"
^A234567890123456789012345678906(1)="4"
^A234567890123456789012345678907="2"
^A234567890123456789012345678907(1)="4"
^A234567890123456789012345678908="2"
^A234567890123456789012345678908(1)="4"
^A234567890123456789012345678909="2"
^A234567890123456789012345678909(1)="4"
^A23456789012345678901234567890A="2"
^A23456789012345678901234567890A(1)="4"
^A23456789012345678901234567890B="2"
^A23456789012345678901234567890B(1)="4"
^A23456789012345678901234567890C="2"
^A23456789012345678901234567890C(1)="4"
^A23456789012345678901234567890D="2"
^A23456789012345678901234567890D(1)="4"
^A23456789012345678901234567890E="2"
^A23456789012345678901234567890E(1)="4"
^A23456789012345678901234567890F="2"
^A23456789012345678901234567890F(1)="4"
^A23456789012345678901234567890G="2"
^A23456789012345678901234567890G(1)="4"
^A23456789012345678901234567890H="2"
^A23456789012345678901234567890H(1)="4"
^A23456789012345678901234567890I="2"
^A23456789012345678901234567890I(1)="4"
^A23456789012345678901234567890J="2"
^A23456789012345678901234567890J(1)="4"
^A23456789012345678901234567890K="2"
^A23456789012345678901234567890K(1)="4"
^A23456789012345678901234567890L="2"
^A23456789012345678901234567890L(1)="4"
^A23456789012345678901234567890M="2"
^A23456789012345678901234567890M(1)="4"
^A23456789012345678901234567890N="2"
^A23456789012345678901234567890N(1)="4"
^A23456789012345678901234567890O="2"
^A23456789012345678901234567890O(1)="4"
^A23456789012345678901234567890P="2"
^A23456789012345678901234567890P(1)="4"
^A23456789012345678901234567890Q="2"
^A23456789012345678901234567890Q(1)="4"
^A23456789012345678901234567890R="2"
^A23456789012345678901234567890R(1)="4"
^A23456789012345678901234567890S="2"
^A23456789012345678901234567890S(1)="4"
^A23456789012345678901234567890T="2"
^A23456789012345678901234567890T(1)="4"
^A23456789012345678901234567890U="2"
^A23456789012345678901234567890U(1)="4"
^A23456789012345678901234567890V="2"
^A23456789012345678901234567890V(1)="4"
^A23456789012345678901234567890W="2"
^A23456789012345678901234567890W(1)="4"
^A23456789012345678901234567890X="2"
^A23456789012345678901234567890X(1)="4"
^A23456789012345678901234567890Y="2"
^A23456789012345678901234567890Y(1)="4"
^A23456789012345678901234567890Z="2"
^A23456789012345678901234567890Z(1)="4"
^A23456789012345678901234567890a="2"
^A23456789012345678901234567890a(1)="4"
^A23456789012345678901234567890b="2"
^A23456789012345678901234567890b(1)="4"
^A23456789012345678901234567890c="2"
^A23456789012345678901234567890c(1)="4"
^A23456789012345678901234567890d="2"
^A23456789012345678901234567890d(1)="4"
^A23456789012345678901234567890e="2"
^A23456789012345678901234567890e(1)="4"
^A23456789012345678901234567890f="2"
^A23456789012345678901234567890f(1)="4"
^A23456789012345678901234567890g="2"
^A23456789012345678901234567890g(1)="4"
^A23456789012345678901234567890h="2"
^A23456789012345678901234567890h(1)="4"
^A23456789012345678901234567890i="2"
^A23456789012345678901234567890i(1)="4"
^A23456789012345678901234567890j="2"
^A23456789012345678901234567890j(1)="4"
^A23456789012345678901234567890k="2"
^A23456789012345678901234567890k(1)="4"
^A23456789012345678901234567890l="2"
^A23456789012345678901234567890l(1)="4"
^A23456789012345678901234567890m="2"
^A23456789012345678901234567890m(1)="4"
^A23456789012345678901234567890n="2"
^A23456789012345678901234567890n(1)="4"
^A23456789012345678901234567890o="2"
^A23456789012345678901234567890o(1)="4"
^A23456789012345678901234567890p="2"
^A23456789012345678901234567890p(1)="4"
^A23456789012345678901234567890q="2"
^A23456789012345678901234567890q(1)="4"
^A23456789012345678901234567890r="2"
^A23456789012345678901234567890r(1)="4"
^A23456789012345678901234567890s="2"
^A23456789012345678901234567890s(1)="4"
^A23456789012345678901234567890t="2"
^A23456789012345678901234567890t(1)="4"
^A23456789012345678901234567890u="2"
^A23456789012345678901234567890u(1)="4"
^A23456789012345678901234567890v="2"
^A23456789012345678901234567890v(1)="4"
^A23456789012345678901234567890w="2"
^A23456789012345678901234567890w(1)="4"
^A23456789012345678901234567890x="2"
^A23456789012345678901234567890x(1)="4"
^A23456789012345678901234567890y="2"
^A23456789012345678901234567890y(1)="4"
^A23456789012345678901234567890z="2"
^A23456789012345678901234567890z(1)="4"
^Ab="1"
^Ab(1)="2"
^Ab3="1"
^Ab3(1)="3"
^Ab34="1"
^Ab34(1)="3"
^Ab345="1"
^Ab345(1)="3"
^Ab3456="1"
^Ab3456(1)="3"
^Ab34567="1"
^Ab34567(1)="3"
^Ab345678="1"
^Ab345678(1)="3"
^Ab3456789="1"
^Ab3456789(1)="3"
^Ab34567890="1"
^Ab34567890(1)="3"
^Ab345678901="1"
^Ab345678901(1)="3"
^Ab3456789012="1"
^Ab3456789012(1)="3"
^Ab34567890123="1"
^Ab34567890123(1)="3"
^Ab345678901234="1"
^Ab345678901234(1)="3"
^Ab3456789012345="1"
^Ab3456789012345(1)="3"
^Ab34567890123456="1"
^Ab34567890123456(1)="3"
^Ab345678901234567="1"
^Ab345678901234567(1)="3"
^Ab3456789012345678="1"
^Ab3456789012345678(1)="3"
^Ab34567890123456789="1"
^Ab34567890123456789(1)="3"
^Ab345678901234567890="1"
^Ab345678901234567890(1)="3"
^Ab3456789012345678901="1"
^Ab3456789012345678901(1)="3"
^Ab34567890123456789012="1"
^Ab34567890123456789012(1)="3"
^Ab345678901234567890123="1"
^Ab345678901234567890123(1)="3"
^Ab3456789012345678901234="1"
^Ab3456789012345678901234(1)="3"
^Ab34567890123456789012345="1"
^Ab34567890123456789012345(1)="3"
^Ab345678901234567890123456="1"
^Ab345678901234567890123456(1)="3"
^Ab3456789012345678901234567="1"
^Ab3456789012345678901234567(1)="3"
^Ab34567890123456789012345678="1"
^Ab34567890123456789012345678(1)="3"
^Ab345678901234567890123456789="1"
^Ab345678901234567890123456789(1)="3"
^Ab3456789012345678901234567890="1"
^Ab3456789012345678901234567890(1)="3"
^Ab34567890123456789012345678901="2"
^Ab34567890123456789012345678901(1)="4"
^Ab3456789012345678901234567890a="2"
^Ab3456789012345678901234567890a(1)="4"
^Ab345678901234567890123456789a="2"
^Ab345678901234567890123456789a(1)="4"
^Ab34567890123456789012345678a="2"
^Ab34567890123456789012345678a(1)="4"
^Ab3456789012345678901234567a="2"
^Ab3456789012345678901234567a(1)="4"
^Ab345678901234567890123456a="2"
^Ab345678901234567890123456a(1)="4"
^Ab34567890123456789012345a="2"
^Ab34567890123456789012345a(1)="4"
^Ab3456789012345678901234a="2"
^Ab3456789012345678901234a(1)="4"
^Ab345678901234567890123a="2"
^Ab345678901234567890123a(1)="4"
^Ab34567890123456789012a="2"
^Ab34567890123456789012a(1)="4"
^Ab3456789012345678901a="2"
^Ab3456789012345678901a(1)="4"
^Ab345678901234567890a="2"
^Ab345678901234567890a(1)="4"
^Ab34567890123456789a="2"
^Ab34567890123456789a(1)="4"
^Ab3456789012345678a="2"
^Ab3456789012345678a(1)="4"
^Ab345678901234567a="2"
^Ab345678901234567a(1)="4"
^Ab34567890123456a="2"
^Ab34567890123456a(1)="4"
^Ab3456789012345a="2"
^Ab3456789012345a(1)="4"
^Ab345678901234a="2"
^Ab345678901234a(1)="4"
^Ab34567890123a="2"
^Ab34567890123a(1)="4"
^Ab3456789012a="2"
^Ab3456789012a(1)="4"
^Ab345678901a="2"
^Ab345678901a(1)="4"
^Ab34567890a="2"
^Ab34567890a(1)="4"
^Ab3456789a="2"
^Ab3456789a(1)="4"
^Ab345678a="2"
^Ab345678a(1)="4"
^Ab34567a="2"
^Ab34567a(1)="4"
^Ab3456a="2"
^Ab3456a(1)="4"
^Ab345a="2"
^Ab345a(1)="4"
^Ab34a="2"
^Ab34a(1)="4"
^Ab3a="2"
^Ab3a(1)="4"
^Ac3="1"
^Ac3(1)="3"
^Ac34="1"
^Ac34(1)="3"
^Ac345="1"
^Ac345(1)="3"
^Ac3456="1"
^Ac3456(1)="3"
^Ac34567="1"
^Ac34567(1)="3"
^Ac345678="1"
^Ac345678(1)="3"
^Ac3456789="1"
^Ac3456789(1)="3"
^Ac34567890="1"
^Ac34567890(1)="3"
^Ac345678901="1"
^Ac345678901(1)="3"
^Ac3456789012="1"
^Ac3456789012(1)="3"
^Ac34567890123="1"
^Ac34567890123(1)="3"
^Ac345678901234="1"
^Ac345678901234(1)="3"
^Ac3456789012345="1"
^Ac3456789012345(1)="3"
^Ac34567890123456="1"
^Ac34567890123456(1)="3"
^Ac345678901234567="1"
^Ac345678901234567(1)="3"
^Ac3456789012345678="1"
^Ac3456789012345678(1)="3"
^Ac34567890123456789="1"
^Ac34567890123456789(1)="3"
^Ac345678901234567890="1"
^Ac345678901234567890(1)="3"
^Ac3456789012345678901="1"
^Ac3456789012345678901(1)="3"
^Ac34567890123456789012="1"
^Ac34567890123456789012(1)="3"
^Ac345678901234567890123="1"
^Ac345678901234567890123(1)="3"
^Ac3456789012345678901234="1"
^Ac3456789012345678901234(1)="3"
^Ac34567890123456789012345="1"
^Ac34567890123456789012345(1)="3"
^Ac345678901234567890123456="1"
^Ac345678901234567890123456(1)="3"
^Ac3456789012345678901234567="1"
^Ac3456789012345678901234567(1)="3"
^Ac34567890123456789012345678="1"
^Ac34567890123456789012345678(1)="3"
^Ac345678901234567890123456789="1"
^Ac345678901234567890123456789(1)="3"
^Ac3456789012345678901234567890="1"
^Ac3456789012345678901234567890(1)="3"
^Ac34567890123456789012345678901="2"
^Ac34567890123456789012345678901(1)="4"
^Ac3456789012345678901234567890a="2"
^Ac3456789012345678901234567890a(1)="4"
^Ac345678901234567890123456789a="2"
^Ac345678901234567890123456789a(1)="4"
^Ac34567890123456789012345678a="2"
^Ac34567890123456789012345678a(1)="4"
^Ac3456789012345678901234567a="2"
^Ac3456789012345678901234567a(1)="4"
^Ac345678901234567890123456a="2"
^Ac345678901234567890123456a(1)="4"
^Ac34567890123456789012345a="2"
^Ac34567890123456789012345a(1)="4"
^Ac3456789012345678901234a="2"
^Ac3456789012345678901234a(1)="4"
^Ac345678901234567890123a="2"
^Ac345678901234567890123a(1)="4"
^Ac34567890123456789012a="2"
^Ac34567890123456789012a(1)="4"
^Ac3456789012345678901a="2"
^Ac3456789012345678901a(1)="4"
^Ac345678901234567890a="2"
^Ac345678901234567890a(1)="4"
^Ac34567890123456789a="2"
^Ac34567890123456789a(1)="4"
^Ac3456789012345678a="2"
^Ac3456789012345678a(1)="4"
^Ac345678901234567a="2"
^Ac345678901234567a(1)="4"
^Ac34567890123456a="2"
^Ac34567890123456a(1)="4"
^Ac3456789012345a="2"
^Ac3456789012345a(1)="4"
^Ac345678901234a="2"
^Ac345678901234a(1)="4"
^Ac34567890123a="2"
^Ac34567890123a(1)="4"
^Ac3456789012a="2"
^Ac3456789012a(1)="4"
^Ac345678901a="2"
^Ac345678901a(1)="4"
^Ac34567890a="2"
^Ac34567890a(1)="4"
^Ac3456789a="2"
^Ac3456789a(1)="4"
^Ac345678a="2"
^Ac345678a(1)="4"
^Ac34567a="2"
^Ac34567a(1)="4"
^Ac3456a="2"
^Ac3456a(1)="4"
^Ac345a="2"
^Ac345a(1)="4"
^Ac34a="2"
^Ac34a(1)="4"
^Ac3a="2"
^Ac3a(1)="4"
^Ad3="1"
^Ad3(1)="3"
^Ad34="1"
^Ad34(1)="3"
^Ad345="1"
^Ad345(1)="3"
^Ad3456="1"
^Ad3456(1)="3"
^Ad34567="1"
^Ad34567(1)="3"
^Ad345678="1"
^Ad345678(1)="3"
^Ad3456789="1"
^Ad3456789(1)="3"
^Ad34567890="1"
^Ad34567890(1)="3"
^Ad345678901="1"
^Ad345678901(1)="3"
^Ad3456789012="1"
^Ad3456789012(1)="3"
^Ad34567890123="1"
^Ad34567890123(1)="3"
^Ad345678901234="1"
^Ad345678901234(1)="3"
^Ad3456789012345="1"
^Ad3456789012345(1)="3"
^Ad34567890123456="1"
^Ad34567890123456(1)="3"
^Ad345678901234567="1"
^Ad345678901234567(1)="3"
^Ad3456789012345678="1"
^Ad3456789012345678(1)="3"
^Ad34567890123456789="1"
^Ad34567890123456789(1)="3"
^Ad345678901234567890="1"
^Ad345678901234567890(1)="3"
^Ad3456789012345678901="1"
^Ad3456789012345678901(1)="3"
^Ad34567890123456789012="1"
^Ad34567890123456789012(1)="3"
^Ad345678901234567890123="1"
^Ad345678901234567890123(1)="3"
^Ad3456789012345678901234="1"
^Ad3456789012345678901234(1)="3"
^Ad34567890123456789012345="1"
^Ad34567890123456789012345(1)="3"
^Ad345678901234567890123456="1"
^Ad345678901234567890123456(1)="3"
^Ad3456789012345678901234567="1"
^Ad3456789012345678901234567(1)="3"
^Ad34567890123456789012345678="1"
^Ad34567890123456789012345678(1)="3"
^Ad345678901234567890123456789="1"
^Ad345678901234567890123456789(1)="3"
^Ad3456789012345678901234567890="1"
^Ad3456789012345678901234567890(1)="3"
^Ad34567890123456789012345678901="2"
^Ad34567890123456789012345678901(1)="4"
^Ad3456789012345678901234567890a="2"
^Ad3456789012345678901234567890a(1)="4"
^Ad345678901234567890123456789a="2"
^Ad345678901234567890123456789a(1)="4"
^Ad34567890123456789012345678a="2"
^Ad34567890123456789012345678a(1)="4"
^Ad3456789012345678901234567a="2"
^Ad3456789012345678901234567a(1)="4"
^Ad345678901234567890123456a="2"
^Ad345678901234567890123456a(1)="4"
^Ad34567890123456789012345a="2"
^Ad34567890123456789012345a(1)="4"
^Ad3456789012345678901234a="2"
^Ad3456789012345678901234a(1)="4"
^Ad345678901234567890123a="2"
^Ad345678901234567890123a(1)="4"
^Ad34567890123456789012a="2"
^Ad34567890123456789012a(1)="4"
^Ad3456789012345678901a="2"
^Ad3456789012345678901a(1)="4"
^Ad345678901234567890a="2"
^Ad345678901234567890a(1)="4"
^Ad34567890123456789a="2"
^Ad34567890123456789a(1)="4"
^Ad3456789012345678a="2"
^Ad3456789012345678a(1)="4"
^Ad345678901234567a="2"
^Ad345678901234567a(1)="4"
^Ad34567890123456a="2"
^Ad34567890123456a(1)="4"
^Ad3456789012345a="2"
^Ad3456789012345a(1)="4"
^Ad345678901234a="2"
^Ad345678901234a(1)="4"
^Ad34567890123a="2"
^Ad34567890123a(1)="4"
^Ad3456789012a="2"
^Ad3456789012a(1)="4"
^Ad345678901a="2"
^Ad345678901a(1)="4"
^Ad34567890a="2"
^Ad34567890a(1)="4"
^Ad3456789a="2"
^Ad3456789a(1)="4"
^Ad345678a="2"
^Ad345678a(1)="4"
^Ad34567a="2"
^Ad34567a(1)="4"
^Ad3456a="2"
^Ad3456a(1)="4"
^Ad345a="2"
^Ad345a(1)="4"
^Ad34a="2"
^Ad34a(1)="4"
^Ad3a="2"
^Ad3a(1)="4"
^Ae3="1"
^Ae3(1)="3"
^Ae34="1"
^Ae34(1)="3"
^Ae345="1"
^Ae345(1)="3"
^Ae3456="1"
^Ae3456(1)="3"
^Ae34567="1"
^Ae34567(1)="3"
^Ae345678="1"
^Ae345678(1)="3"
^Ae3456789="1"
^Ae3456789(1)="3"
^Ae34567890="1"
^Ae34567890(1)="3"
^Ae345678901="1"
^Ae345678901(1)="3"
^Ae3456789012="1"
^Ae3456789012(1)="3"
^Ae34567890123="1"
^Ae34567890123(1)="3"
^Ae345678901234="1"
^Ae345678901234(1)="3"
^Ae3456789012345="1"
^Ae3456789012345(1)="3"
^Ae34567890123456="1"
^Ae34567890123456(1)="3"
^Ae345678901234567="1"
^Ae345678901234567(1)="3"
^Ae3456789012345678="1"
^Ae3456789012345678(1)="3"
^Ae34567890123456789="1"
^Ae34567890123456789(1)="3"
^Ae345678901234567890="1"
^Ae345678901234567890(1)="3"
^Ae3456789012345678901="1"
^Ae3456789012345678901(1)="3"
^Ae34567890123456789012="1"
^Ae34567890123456789012(1)="3"
^Ae345678901234567890123="1"
^Ae345678901234567890123(1)="3"
^Ae3456789012345678901234="1"
^Ae3456789012345678901234(1)="3"
^Ae34567890123456789012345="1"
^Ae34567890123456789012345(1)="3"
^Ae345678901234567890123456="1"
^Ae345678901234567890123456(1)="3"
^Ae3456789012345678901234567="1"
^Ae3456789012345678901234567(1)="3"
^Ae34567890123456789012345678="1"
^Ae34567890123456789012345678(1)="3"
^Ae345678901234567890123456789="1"
^Ae345678901234567890123456789(1)="3"
^Ae3456789012345678901234567890="1"
^Ae3456789012345678901234567890(1)="3"
^Ae34567890123456789012345678901="2"
^Ae34567890123456789012345678901(1)="4"
^Ae3456789012345678901234567890a="2"
^Ae3456789012345678901234567890a(1)="4"
^Ae345678901234567890123456789a="2"
^Ae345678901234567890123456789a(1)="4"
^Ae34567890123456789012345678a="2"
^Ae34567890123456789012345678a(1)="4"
^Ae3456789012345678901234567a="2"
^Ae3456789012345678901234567a(1)="4"
^Ae345678901234567890123456a="2"
^Ae345678901234567890123456a(1)="4"
^Ae34567890123456789012345a="2"
^Ae34567890123456789012345a(1)="4"
^Ae3456789012345678901234a="2"
^Ae3456789012345678901234a(1)="4"
^Ae345678901234567890123a="2"
^Ae345678901234567890123a(1)="4"
^Ae34567890123456789012a="2"
^Ae34567890123456789012a(1)="4"
^Ae3456789012345678901a="2"
^Ae3456789012345678901a(1)="4"
^Ae345678901234567890a="2"
^Ae345678901234567890a(1)="4"
^Ae34567890123456789a="2"
^Ae34567890123456789a(1)="4"
^Ae3456789012345678a="2"
^Ae3456789012345678a(1)="4"
^Ae345678901234567a="2"
^Ae345678901234567a(1)="4"
^Ae34567890123456a="2"
^Ae34567890123456a(1)="4"
^Ae3456789012345a="2"
^Ae3456789012345a(1)="4"
^Ae345678901234a="2"
^Ae345678901234a(1)="4"
^Ae34567890123a="2"
^Ae34567890123a(1)="4"
^Ae3456789012a="2"
^Ae3456789012a(1)="4"
^Ae345678901a="2"
^Ae345678901a(1)="4"
^Ae34567890a="2"
^Ae34567890a(1)="4"
^Ae3456789a="2"
^Ae3456789a(1)="4"
^Ae345678a="2"
^Ae345678a(1)="4"
^Ae34567a="2"
^Ae34567a(1)="4"
^Ae3456a="2"
^Ae3456a(1)="4"
^Ae345a="2"
^Ae345a(1)="4"
^Ae34a="2"
^Ae34a(1)="4"
^Ae3a="2"
^Ae3a(1)="4"
^Ba3="1"
^Ba3(1)="3"
^Ba34="1"
^Ba34(1)="3"
^Ba345="1"
^Ba345(1)="3"
^Ba3456="1"
^Ba3456(1)="3"
^Ba34567="1"
^Ba34567(1)="3"
^Ba345678="1"
^Ba345678(1)="3"
^Ba3456789="1"
^Ba3456789(1)="3"
^Ba34567890="1"
^Ba34567890(1)="3"
^Ba3456789010="1"
^Ba3456789010(1)="2"
^Ba3456789012="1"
^Ba3456789012(1)="3"
^Ba34567890123="1"
^Ba34567890123(1)="3"
^Ba345678901234="1"
^Ba345678901234(1)="3"
^Ba3456789012345="1"
^Ba3456789012345(1)="3"
^Ba34567890123456="1"
^Ba34567890123456(1)="3"
^Ba345678901234567="1"
^Ba345678901234567(1)="3"
^Ba3456789012345678="1"
^Ba3456789012345678(1)="3"
^Ba34567890123456789="1"
^Ba34567890123456789(1)="3"
^Ba345678901234567890="1"
^Ba345678901234567890(1)="3"
^Ba3456789012345678901="1"
^Ba3456789012345678901(1)="3"
^Ba34567890123456789012="1"
^Ba34567890123456789012(1)="3"
^Ba345678901234567890123="1"
^Ba345678901234567890123(1)="3"
^Ba3456789012345678901234="1"
^Ba3456789012345678901234(1)="3"
^Ba34567890123456789012345="1"
^Ba34567890123456789012345(1)="3"
^Ba345678901234567890123456="1"
^Ba345678901234567890123456(1)="3"
^Ba3456789012345678901234567="1"
^Ba3456789012345678901234567(1)="3"
^Ba34567890123456789012345678="1"
^Ba34567890123456789012345678(1)="3"
^Ba345678901234567890123456789="1"
^Ba345678901234567890123456789(1)="3"
^Ba3456789012345678901234567890="1"
^Ba3456789012345678901234567890(1)="3"
^Ba34567890123456789012345678901="2"
^Ba34567890123456789012345678901(1)="4"
^Ba3456789012345678901234567890a="2"
^Ba3456789012345678901234567890a(1)="4"
^Ba345678901234567890123456789a="2"
^Ba345678901234567890123456789a(1)="4"
^Ba34567890123456789012345678a="2"
^Ba34567890123456789012345678a(1)="4"
^Ba3456789012345678901234567a="2"
^Ba3456789012345678901234567a(1)="4"
^Ba345678901234567890123456a="2"
^Ba345678901234567890123456a(1)="4"
^Ba34567890123456789012345a="2"
^Ba34567890123456789012345a(1)="4"
^Ba3456789012345678901234a="2"
^Ba3456789012345678901234a(1)="4"
^Ba345678901234567890123a="2"
^Ba345678901234567890123a(1)="4"
^Ba34567890123456789012a="2"
^Ba34567890123456789012a(1)="4"
^Ba3456789012345678901a="2"
^Ba3456789012345678901a(1)="4"
^Ba345678901234567890a="2"
^Ba345678901234567890a(1)="4"
^Ba34567890123456789a="2"
^Ba34567890123456789a(1)="4"
^Ba3456789012345678a="2"
^Ba3456789012345678a(1)="4"
^Ba345678901234567a="2"
^Ba345678901234567a(1)="4"
^Ba34567890123456a="2"
^Ba34567890123456a(1)="4"
^Ba3456789012345a="2"
^Ba3456789012345a(1)="4"
^Ba345678901234a="2"
^Ba345678901234a(1)="4"
^Ba34567890123a="2"
^Ba34567890123a(1)="4"
^Ba3456789012a="2"
^Ba3456789012a(1)="4"
^Ba345678901a="2"
^Ba345678901a(1)="4"
^Ba34567890a="2"
^Ba34567890a(1)="4"
^Ba3456789a="2"
^Ba3456789a(1)="4"
^Ba345678a="2"
^Ba345678a(1)="4"
^Ba34567a="2"
^Ba34567a(1)="4"
^Ba3456a="2"
^Ba3456a(1)="4"
^Ba345a="2"
^Ba345a(1)="4"
^Ba34a="2"
^Ba34a(1)="4"
^Ba3a="2"
^Ba3a(1)="4"
^Bb3="1"
^Bb3(1)="3"
^Bb34="1"
^Bb34(1)="3"
^Bb345="1"
^Bb345(1)="3"
^Bb3456="1"
^Bb3456(1)="3"
^Bb34567="1"
^Bb34567(1)="3"
^Bb345678="1"
^Bb345678(1)="3"
^Bb3456789="1"
^Bb3456789(1)="3"
^Bb34567890="1"
^Bb34567890(1)="3"
^Bb345678901="1"
^Bb345678901(1)="3"
^Bb3456789012="1"
^Bb3456789012(1)="3"
^Bb34567890123="1"
^Bb34567890123(1)="3"
^Bb345678901234="1"
^Bb345678901234(1)="3"
^Bb3456789012345="1"
^Bb3456789012345(1)="3"
^Bb34567890123456="1"
^Bb34567890123456(1)="3"
^Bb345678901234567="1"
^Bb345678901234567(1)="3"
^Bb3456789012345678="1"
^Bb3456789012345678(1)="3"
^Bb34567890123456789="1"
^Bb34567890123456789(1)="3"
^Bb345678901234567890="1"
^Bb345678901234567890(1)="3"
^Bb34567890123456789010="1"
^Bb34567890123456789010(1)="2"
^Bb34567890123456789012="1"
^Bb34567890123456789012(1)="3"
^Bb345678901234567890123="1"
^Bb345678901234567890123(1)="3"
^Bb3456789012345678901234="1"
^Bb3456789012345678901234(1)="3"
^Bb34567890123456789012345="1"
^Bb34567890123456789012345(1)="3"
^Bb345678901234567890123456="1"
^Bb345678901234567890123456(1)="3"
^Bb3456789012345678901234567="1"
^Bb3456789012345678901234567(1)="3"
^Bb34567890123456789012345678="1"
^Bb34567890123456789012345678(1)="3"
^Bb345678901234567890123456789="1"
^Bb345678901234567890123456789(1)="3"
^Bb3456789012345678901234567890="1"
^Bb3456789012345678901234567890(1)="3"
^Bb34567890123456789012345678901="2"
^Bb34567890123456789012345678901(1)="4"
^Bb3456789012345678901234567890a="2"
^Bb3456789012345678901234567890a(1)="4"
^Bb345678901234567890123456789a="2"
^Bb345678901234567890123456789a(1)="4"
^Bb34567890123456789012345678a="2"
^Bb34567890123456789012345678a(1)="4"
^Bb3456789012345678901234567a="2"
^Bb3456789012345678901234567a(1)="4"
^Bb345678901234567890123456a="2"
^Bb345678901234567890123456a(1)="4"
^Bb34567890123456789012345a="2"
^Bb34567890123456789012345a(1)="4"
^Bb3456789012345678901234a="2"
^Bb3456789012345678901234a(1)="4"
^Bb345678901234567890123a="2"
^Bb345678901234567890123a(1)="4"
^Bb34567890123456789012a="2"
^Bb34567890123456789012a(1)="4"
^Bb3456789012345678901a="2"
^Bb3456789012345678901a(1)="4"
^Bb345678901234567890a="2"
^Bb345678901234567890a(1)="4"
^Bb34567890123456789a="2"
^Bb34567890123456789a(1)="4"
^Bb3456789012345678a="2"
^Bb3456789012345678a(1)="4"
^Bb345678901234567a="2"
^Bb345678901234567a(1)="4"
^Bb34567890123456a="2"
^Bb34567890123456a(1)="4"
^Bb3456789012345a="2"
^Bb3456789012345a(1)="4"
^Bb345678901234a="2"
^Bb345678901234a(1)="4"
^Bb34567890123a="2"
^Bb34567890123a(1)="4"
^Bb3456789012a="2"
^Bb3456789012a(1)="4"
^Bb345678901a="2"
^Bb345678901a(1)="4"
^Bb34567890a="2"
^Bb34567890a(1)="4"
^Bb3456789a="2"
^Bb3456789a(1)="4"
^Bb345678a="2"
^Bb345678a(1)="4"
^Bb34567a="2"
^Bb34567a(1)="4"
^Bb3456a="2"
^Bb3456a(1)="4"
^Bb345a="2"
^Bb345a(1)="4"
^Bb34a="2"
^Bb34a(1)="4"
^Bb3a="2"
^Bb3a(1)="4"
^Bc3="1"
^Bc3(1)="3"
^Bc34="1"
^Bc34(1)="3"
^Bc345="1"
^Bc345(1)="3"
^Bc3456="1"
^Bc3456(1)="3"
^Bc34567="1"
^Bc34567(1)="3"
^Bc345678="1"
^Bc345678(1)="3"
^Bc3456789="1"
^Bc3456789(1)="3"
^Bc34567890="1"
^Bc34567890(1)="3"
^Bc345678901="1"
^Bc345678901(1)="3"
^Bc3456789012="1"
^Bc3456789012(1)="3"
^Bc34567890123="1"
^Bc34567890123(1)="3"
^Bc345678901234="1"
^Bc345678901234(1)="3"
^Bc3456789012345="1"
^Bc3456789012345(1)="3"
^Bc34567890123456="1"
^Bc34567890123456(1)="3"
^Bc345678901234567="1"
^Bc345678901234567(1)="3"
^Bc3456789012345678="1"
^Bc3456789012345678(1)="3"
^Bc34567890123456789="1"
^Bc34567890123456789(1)="3"
^Bc345678901234567890="1"
^Bc345678901234567890(1)="3"
^Bc3456789012345678901="1"
^Bc3456789012345678901(1)="3"
^Bc34567890123456789012="1"
^Bc34567890123456789012(1)="3"
^Bc345678901234567890123="1"
^Bc345678901234567890123(1)="3"
^Bc3456789012345678901234="1"
^Bc3456789012345678901234(1)="3"
^Bc34567890123456789012345="1"
^Bc34567890123456789012345(1)="3"
^Bc345678901234567890123456="1"
^Bc345678901234567890123456(1)="3"
^Bc3456789012345678901234567="1"
^Bc3456789012345678901234567(1)="3"
^Bc34567890123456789012345678="1"
^Bc34567890123456789012345678(1)="3"
^Bc34567890123456789012345678A="1"
^Bc34567890123456789012345678A(1)="2"
^Bc34567890123456789012345678a="2"
^Bc34567890123456789012345678a(1)="4"
^Bc3456789012345678901234567a="2"
^Bc3456789012345678901234567a(1)="4"
^Bc345678901234567890123456a="2"
^Bc345678901234567890123456a(1)="4"
^Bc34567890123456789012345a="2"
^Bc34567890123456789012345a(1)="4"
^Bc3456789012345678901234a="2"
^Bc3456789012345678901234a(1)="4"
^Bc345678901234567890123a="2"
^Bc345678901234567890123a(1)="4"
^Bc34567890123456789012a="2"
^Bc34567890123456789012a(1)="4"
^Bc3456789012345678901a="2"
^Bc3456789012345678901a(1)="4"
^Bc345678901234567890a="2"
^Bc345678901234567890a(1)="4"
^Bc34567890123456789a="2"
^Bc34567890123456789a(1)="4"
^Bc3456789012345678a="2"
^Bc3456789012345678a(1)="4"
^Bc345678901234567a="2"
^Bc345678901234567a(1)="4"
^Bc34567890123456a="2"
^Bc34567890123456a(1)="4"
^Bc3456789012345a="2"
^Bc3456789012345a(1)="4"
^Bc345678901234a="2"
^Bc345678901234a(1)="4"
^Bc34567890123a="2"
^Bc34567890123a(1)="4"
^Bc3456789012a="2"
^Bc3456789012a(1)="4"
^Bc345678901a="2"
^Bc345678901a(1)="4"
^Bc34567890a="2"
^Bc34567890a(1)="4"
^Bc3456789a="2"
^Bc3456789a(1)="4"
^Bc345678a="2"
^Bc345678a(1)="4"
^Bc34567a="2"
^Bc34567a(1)="4"
^Bc3456a="2"
^Bc3456a(1)="4"
^Bc345a="2"
^Bc345a(1)="4"
^Bc34a="2"
^Bc34a(1)="4"
^Bc3a="2"
^Bc3a(1)="4"
^Bd3="1"
^Bd3(1)="3"
^Bd34="1"
^Bd34(1)="3"
^Bd345="1"
^Bd345(1)="3"
^Bd3456="1"
^Bd3456(1)="3"
^Bd34567="1"
^Bd34567(1)="3"
^Bd345678="1"
^Bd345678(1)="3"
^Bd3456789="1"
^Bd3456789(1)="3"
^Bd34567890="1"
^Bd34567890(1)="3"
^Bd345678901="1"
^Bd345678901(1)="3"
^Bd3456789012="1"
^Bd3456789012(1)="3"
^Bd34567890123="1"
^Bd34567890123(1)="3"
^Bd345678901234="1"
^Bd345678901234(1)="3"
^Bd3456789012345="1"
^Bd3456789012345(1)="3"
^Bd34567890123456="1"
^Bd34567890123456(1)="3"
^Bd345678901234567="1"
^Bd345678901234567(1)="3"
^Bd3456789012345678="1"
^Bd3456789012345678(1)="3"
^Bd34567890123456789="1"
^Bd34567890123456789(1)="3"
^Bd345678901234567890="1"
^Bd345678901234567890(1)="3"
^Bd3456789012345678901="1"
^Bd3456789012345678901(1)="3"
^Bd34567890123456789012="1"
^Bd34567890123456789012(1)="3"
^Bd345678901234567890123="1"
^Bd345678901234567890123(1)="3"
^Bd3456789012345678901234="1"
^Bd3456789012345678901234(1)="3"
^Bd34567890123456789012345="1"
^Bd34567890123456789012345(1)="3"
^Bd345678901234567890123456="1"
^Bd345678901234567890123456(1)="3"
^Bd3456789012345678901234567="1"
^Bd3456789012345678901234567(1)="3"
^Bd34567890123456789012345678="1"
^Bd34567890123456789012345678(1)="3"
^Bd345678901234567890123456789="1"
^Bd345678901234567890123456789(1)="3"
^Bd3456789012345678901234567890="1"
^Bd3456789012345678901234567890(1)="3"
^Bd34567890123456789012345678901="2"
^Bd34567890123456789012345678901(1)="4"
^Bd3456789012345678901234567890a="2"
^Bd3456789012345678901234567890a(1)="4"
^Bd345678901234567890123456789a="2"
^Bd345678901234567890123456789a(1)="4"
^Bd34567890123456789012345678a="2"
^Bd34567890123456789012345678a(1)="4"
^Bd3456789012345678901234567a="2"
^Bd3456789012345678901234567a(1)="4"
^Bd345678901234567890123456a="2"
^Bd345678901234567890123456a(1)="4"
^Bd34567890123456789012345a="2"
^Bd34567890123456789012345a(1)="4"
^Bd3456789012345678901234a="2"
^Bd3456789012345678901234a(1)="4"
^Bd345678901234567890123a="2"
^Bd345678901234567890123a(1)="4"
^Bd34567890123456789012a="2"
^Bd34567890123456789012a(1)="4"
^Bd3456789012345678901a="2"
^Bd3456789012345678901a(1)="4"
^Bd345678901234567890a="2"
^Bd345678901234567890a(1)="4"
^Bd34567890123456789a="2"
^Bd34567890123456789a(1)="4"
^Bd3456789012345678a="2"
^Bd3456789012345678a(1)="4"
^Bd345678901234567a="2"
^Bd345678901234567a(1)="4"
^Bd34567890123456a="2"
^Bd34567890123456a(1)="4"
^Bd3456789012345a="2"
^Bd3456789012345a(1)="4"
^Bd345678901234a="2"
^Bd345678901234a(1)="4"
^Bd34567890123a="2"
^Bd34567890123a(1)="4"
^Bd3456789012a="2"
^Bd3456789012a(1)="4"
^Bd345678901a="2"
^Bd345678901a(1)="4"
^Bd34567890a="2"
^Bd34567890a(1)="4"
^Bd3456789a="2"
^Bd3456789a(1)="4"
^Bd345678a="2"
^Bd345678a(1)="4"
^Bd34567a="2"
^Bd34567a(1)="4"
^Bd3456a="2"
^Bd3456a(1)="4"
^Bd345a="2"
^Bd345a(1)="4"
^Bd34a="2"
^Bd34a(1)="4"
^Bd3a="2"
^Bd3a(1)="4"
^Be3="1"
^Be3(1)="3"
^Be34="1"
^Be34(1)="3"
^Be345="1"
^Be345(1)="3"
^Be3456="1"
^Be3456(1)="3"
^Be34567="1"
^Be34567(1)="3"
^Be345678="1"
^Be345678(1)="3"
^Be3456789="1"
^Be3456789(1)="3"
^Be34567890="1"
^Be34567890(1)="3"
^Be345678901="1"
^Be345678901(1)="3"
^Be3456789012="1"
^Be3456789012(1)="3"
^Be34567890123="1"
^Be34567890123(1)="3"
^Be345678901234="1"
^Be345678901234(1)="3"
^Be3456789012345="1"
^Be3456789012345(1)="3"
^Be34567890123456="1"
^Be34567890123456(1)="3"
^Be345678901234567="1"
^Be345678901234567(1)="3"
^Be3456789012345678="1"
^Be3456789012345678(1)="3"
^Be34567890123456789="1"
^Be34567890123456789(1)="3"
^Be345678901234567890="1"
^Be345678901234567890(1)="3"
^Be3456789012345678901="1"
^Be3456789012345678901(1)="3"
^Be34567890123456789012="1"
^Be34567890123456789012(1)="3"
^Be345678901234567890123="1"
^Be345678901234567890123(1)="3"
^Be3456789012345678901234="1"
^Be3456789012345678901234(1)="3"
^Be34567890123456789012345="1"
^Be34567890123456789012345(1)="3"
^Be345678901234567890123456="1"
^Be345678901234567890123456(1)="3"
^Be3456789012345678901234567="1"
^Be3456789012345678901234567(1)="3"
^Be34567890123456789012345678="1"
^Be34567890123456789012345678(1)="3"
^Be345678901234567890123456789="1"
^Be345678901234567890123456789(1)="3"
^Be3456789012345678901234567890="1"
^Be3456789012345678901234567890(1)="3"
^Be34567890123456789012345678901="2"
^Be34567890123456789012345678901(1)="4"
^Be3456789012345678901234567890a="2"
^Be3456789012345678901234567890a(1)="4"
^Be345678901234567890123456789a="2"
^Be345678901234567890123456789a(1)="4"
^Be34567890123456789012345678a="2"
^Be34567890123456789012345678a(1)="4"
^Be3456789012345678901234567a="2"
^Be3456789012345678901234567a(1)="4"
^Be345678901234567890123456a="2"
^Be345678901234567890123456a(1)="4"
^Be34567890123456789012345a="2"
^Be34567890123456789012345a(1)="4"
^Be3456789012345678901234a="2"
^Be3456789012345678901234a(1)="4"
^Be345678901234567890123a="2"
^Be345678901234567890123a(1)="4"
^Be34567890123456789012a="2"
^Be34567890123456789012a(1)="4"
^Be3456789012345678901a="2"
^Be3456789012345678901a(1)="4"
^Be345678901234567890a="2"
^Be345678901234567890a(1)="4"
^Be34567890123456789a="2"
^Be34567890123456789a(1)="4"
^Be3456789012345678a="2"
^Be3456789012345678a(1)="4"
^Be345678901234567a="2"
^Be345678901234567a(1)="4"
^Be34567890123456a="2"
^Be34567890123456a(1)="4"
^Be3456789012345a="2"
^Be3456789012345a(1)="4"
^Be345678901234a="2"
^Be345678901234a(1)="4"
^Be34567890123a="2"
^Be34567890123a(1)="4"
^Be3456789012a="2"
^Be3456789012a(1)="4"
^Be345678901a="2"
^Be345678901a(1)="4"
^Be34567890a="2"
^Be34567890a(1)="4"
^Be3456789a="2"
^Be3456789a(1)="4"
^Be345678a="2"
^Be345678a(1)="4"
^Be34567a="2"
^Be34567a(1)="4"
^Be3456a="2"
^Be3456a(1)="4"
^Be345a="2"
^Be345a(1)="4"
^Be34a="2"
^Be34a(1)="4"
^Be3a="2"
^Be3a(1)="4"
^Ca3="1"
^Ca3(1)="3"
^Ca34="1"
^Ca34(1)="3"
^Ca345="1"
^Ca345(1)="3"
^Ca3456="1"
^Ca3456(1)="3"
^Ca34567="1"
^Ca34567(1)="3"
^Ca345678="1"
^Ca345678(1)="3"
^Ca3456789="1"
^Ca3456789(1)="3"
^Ca34567890="1"
^Ca34567890(1)="3"
^Ca345678902="1"
^Ca345678902(1)="2"
^Ca34567890a="2"
^Ca34567890a(1)="4"
^Ca3456789a="2"
^Ca3456789a(1)="4"
^Ca345678a="2"
^Ca345678a(1)="4"
^Ca34567a="2"
^Ca34567a(1)="4"
^Ca3456a="2"
^Ca3456a(1)="4"
^Ca345a="2"
^Ca345a(1)="4"
^Ca34a="2"
^Ca34a(1)="4"
^Ca3a="2"
^Ca3a(1)="4"
^Cb3="1"
^Cb3(1)="3"
^Cb34="1"
^Cb34(1)="3"
^Cb345="1"
^Cb345(1)="3"
^Cb3456="1"
^Cb3456(1)="3"
^Cb34567="1"
^Cb34567(1)="3"
^Cb345678="1"
^Cb345678(1)="3"
^Cb3456789="1"
^Cb3456789(1)="3"
^Cb34567890="1"
^Cb34567890(1)="3"
^Cb345678901="1"
^Cb345678901(1)="3"
^Cb3456789012="1"
^Cb3456789012(1)="3"
^Cb34567890123="1"
^Cb34567890123(1)="3"
^Cb345678901234="1"
^Cb345678901234(1)="3"
^Cb3456789012345="1"
^Cb3456789012345(1)="3"
^Cb34567890123456="1"
^Cb34567890123456(1)="3"
^Cb345678901234567="1"
^Cb345678901234567(1)="3"
^Cb3456789012345678="1"
^Cb3456789012345678(1)="3"
^Cb34567890123456789="1"
^Cb34567890123456789(1)="3"
^Cb345678901234567890="1"
^Cb345678901234567890(1)="3"
^Cb3456789012345678902="1"
^Cb3456789012345678902(1)="2"
^Cb345678901234567890a="2"
^Cb345678901234567890a(1)="4"
^Cb34567890123456789a="2"
^Cb34567890123456789a(1)="4"
^Cb3456789012345678a="2"
^Cb3456789012345678a(1)="4"
^Cb345678901234567a="2"
^Cb345678901234567a(1)="4"
^Cb34567890123456a="2"
^Cb34567890123456a(1)="4"
^Cb3456789012345a="2"
^Cb3456789012345a(1)="4"
^Cb345678901234a="2"
^Cb345678901234a(1)="4"
^Cb34567890123a="2"
^Cb34567890123a(1)="4"
^Cb3456789012a="2"
^Cb3456789012a(1)="4"
^Cb345678901a="2"
^Cb345678901a(1)="4"
^Cb34567890a="2"
^Cb34567890a(1)="4"
^Cb3456789a="2"
^Cb3456789a(1)="4"
^Cb345678a="2"
^Cb345678a(1)="4"
^Cb34567a="2"
^Cb34567a(1)="4"
^Cb3456a="2"
^Cb3456a(1)="4"
^Cb345a="2"
^Cb345a(1)="4"
^Cb34a="2"
^Cb34a(1)="4"
^Cb3a="2"
^Cb3a(1)="4"
^Cc3="1"
^Cc3(1)="3"
^Cc34="1"
^Cc34(1)="3"
^Cc345="1"
^Cc345(1)="3"
^Cc3456="1"
^Cc3456(1)="3"
^Cc34567="1"
^Cc34567(1)="3"
^Cc345678="1"
^Cc345678(1)="3"
^Cc3456789="1"
^Cc3456789(1)="3"
^Cc34567890="1"
^Cc34567890(1)="3"
^Cc345678901="1"
^Cc345678901(1)="3"
^Cc3456789012="1"
^Cc3456789012(1)="3"
^Cc34567890123="1"
^Cc34567890123(1)="3"
^Cc345678901234="1"
^Cc345678901234(1)="3"
^Cc3456789012345="1"
^Cc3456789012345(1)="3"
^Cc34567890123456="1"
^Cc34567890123456(1)="3"
^Cc345678901234567="1"
^Cc345678901234567(1)="3"
^Cc3456789012345678="1"
^Cc3456789012345678(1)="3"
^Cc34567890123456789="1"
^Cc34567890123456789(1)="3"
^Cc345678901234567890="1"
^Cc345678901234567890(1)="3"
^Cc3456789012345678901="1"
^Cc3456789012345678901(1)="3"
^Cc34567890123456789012="1"
^Cc34567890123456789012(1)="3"
^Cc345678901234567890123="1"
^Cc345678901234567890123(1)="3"
^Cc3456789012345678901234="1"
^Cc3456789012345678901234(1)="3"
^Cc34567890123456789012345="1"
^Cc34567890123456789012345(1)="3"
^Cc345678901234567890123456="1"
^Cc345678901234567890123456(1)="3"
^Cc3456789012345678901234567="1"
^Cc3456789012345678901234567(1)="3"
^Cc34567890123456789012345678="1"
^Cc34567890123456789012345678(1)="3"
^Cc34567890123456789012345678A="1"
^Cc34567890123456789012345678A(1)="2"
^Cc34567890123456789012345678a="2"
^Cc34567890123456789012345678a(1)="4"
^Cc3456789012345678901234567a="2"
^Cc3456789012345678901234567a(1)="4"
^Cc345678901234567890123456a="2"
^Cc345678901234567890123456a(1)="4"
^Cc34567890123456789012345a="2"
^Cc34567890123456789012345a(1)="4"
^Cc3456789012345678901234a="2"
^Cc3456789012345678901234a(1)="4"
^Cc345678901234567890123a="2"
^Cc345678901234567890123a(1)="4"
^Cc34567890123456789012a="2"
^Cc34567890123456789012a(1)="4"
^Cc3456789012345678901a="2"
^Cc3456789012345678901a(1)="4"
^Cc345678901234567890a="2"
^Cc345678901234567890a(1)="4"
^Cc34567890123456789a="2"
^Cc34567890123456789a(1)="4"
^Cc3456789012345678a="2"
^Cc3456789012345678a(1)="4"
^Cc345678901234567a="2"
^Cc345678901234567a(1)="4"
^Cc34567890123456a="2"
^Cc34567890123456a(1)="4"
^Cc3456789012345a="2"
^Cc3456789012345a(1)="4"
^Cc345678901234a="2"
^Cc345678901234a(1)="4"
^Cc34567890123a="2"
^Cc34567890123a(1)="4"
^Cc3456789012a="2"
^Cc3456789012a(1)="4"
^Cc345678901a="2"
^Cc345678901a(1)="4"
^Cc34567890a="2"
^Cc34567890a(1)="4"
^Cc3456789a="2"
^Cc3456789a(1)="4"
^Cc345678a="2"
^Cc345678a(1)="4"
^Cc34567a="2"
^Cc34567a(1)="4"
^Cc3456a="2"
^Cc3456a(1)="4"
^Cc345a="2"
^Cc345a(1)="4"
^Cc34a="2"
^Cc34a(1)="4"
^Cc3a="2"
^Cc3a(1)="4"
^Cd3="1"
^Cd3(1)="3"
^Cd34="1"
^Cd34(1)="3"
^Cd345="1"
^Cd345(1)="3"
^Cd3456="1"
^Cd3456(1)="3"
^Cd34567="1"
^Cd34567(1)="3"
^Cd345678="1"
^Cd345678(1)="3"
^Cd3456789="1"
^Cd3456789(1)="3"
^Cd34567890="1"
^Cd34567890(1)="3"
^Cd345678901="1"
^Cd345678901(1)="3"
^Cd3456789012="1"
^Cd3456789012(1)="3"
^Cd34567890123="1"
^Cd34567890123(1)="3"
^Cd345678901234="1"
^Cd345678901234(1)="3"
^Cd3456789012345="1"
^Cd3456789012345(1)="3"
^Cd34567890123456="1"
^Cd34567890123456(1)="3"
^Cd345678901234567="1"
^Cd345678901234567(1)="3"
^Cd3456789012345678="1"
^Cd3456789012345678(1)="3"
^Cd34567890123456789="1"
^Cd34567890123456789(1)="3"
^Cd345678901234567890="1"
^Cd345678901234567890(1)="3"
^Cd3456789012345678901="1"
^Cd3456789012345678901(1)="3"
^Cd34567890123456789012="1"
^Cd34567890123456789012(1)="3"
^Cd345678901234567890123="1"
^Cd345678901234567890123(1)="3"
^Cd3456789012345678901234="1"
^Cd3456789012345678901234(1)="3"
^Cd34567890123456789012345="1"
^Cd34567890123456789012345(1)="3"
^Cd345678901234567890123456="1"
^Cd345678901234567890123456(1)="3"
^Cd3456789012345678901234567="1"
^Cd3456789012345678901234567(1)="3"
^Cd34567890123456789012345678="1"
^Cd34567890123456789012345678(1)="3"
^Cd345678901234567890123456789="1"
^Cd345678901234567890123456789(1)="3"
^Cd34567890123456789012345678900="1"
^Cd34567890123456789012345678900(1)="2"
^Cd34567890123456789012345678901="2"
^Cd34567890123456789012345678901(1)="4"
^Cd3456789012345678901234567890a="2"
^Cd3456789012345678901234567890a(1)="4"
^Cd345678901234567890123456789a="2"
^Cd345678901234567890123456789a(1)="4"
^Cd34567890123456789012345678a="2"
^Cd34567890123456789012345678a(1)="4"
^Cd3456789012345678901234567a="2"
^Cd3456789012345678901234567a(1)="4"
^Cd345678901234567890123456a="2"
^Cd345678901234567890123456a(1)="4"
^Cd34567890123456789012345a="2"
^Cd34567890123456789012345a(1)="4"
^Cd3456789012345678901234a="2"
^Cd3456789012345678901234a(1)="4"
^Cd345678901234567890123a="2"
^Cd345678901234567890123a(1)="4"
^Cd34567890123456789012a="2"
^Cd34567890123456789012a(1)="4"
^Cd3456789012345678901a="2"
^Cd3456789012345678901a(1)="4"
^Cd345678901234567890a="2"
^Cd345678901234567890a(1)="4"
^Cd34567890123456789a="2"
^Cd34567890123456789a(1)="4"
^Cd3456789012345678a="2"
^Cd3456789012345678a(1)="4"
^Cd345678901234567a="2"
^Cd345678901234567a(1)="4"
^Cd34567890123456a="2"
^Cd34567890123456a(1)="4"
^Cd3456789012345a="2"
^Cd3456789012345a(1)="4"
^Cd345678901234a="2"
^Cd345678901234a(1)="4"
^Cd34567890123a="2"
^Cd34567890123a(1)="4"
^Cd3456789012a="2"
^Cd3456789012a(1)="4"
^Cd345678901a="2"
^Cd345678901a(1)="4"
^Cd34567890a="2"
^Cd34567890a(1)="4"
^Cd3456789a="2"
^Cd3456789a(1)="4"
^Cd345678a="2"
^Cd345678a(1)="4"
^Cd34567a="2"
^Cd34567a(1)="4"
^Cd3456a="2"
^Cd3456a(1)="4"
^Cd345a="2"
^Cd345a(1)="4"
^Cd34a="2"
^Cd34a(1)="4"
^Cd3a="2"
^Cd3a(1)="4"
^Ce3="1"
^Ce3(1)="3"
^Ce34="1"
^Ce34(1)="3"
^Ce345="1"
^Ce345(1)="3"
^Ce3456="1"
^Ce3456(1)="3"
^Ce34567="1"
^Ce34567(1)="3"
^Ce345678="1"
^Ce345678(1)="3"
^Ce3456789="1"
^Ce3456789(1)="3"
^Ce34567890="1"
^Ce34567890(1)="3"
^Ce345678901="1"
^Ce345678901(1)="3"
^Ce3456789012="1"
^Ce3456789012(1)="3"
^Ce34567890123="1"
^Ce34567890123(1)="3"
^Ce345678901234="1"
^Ce345678901234(1)="3"
^Ce3456789012345="1"
^Ce3456789012345(1)="3"
^Ce34567890123456="1"
^Ce34567890123456(1)="3"
^Ce345678901234567="1"
^Ce345678901234567(1)="3"
^Ce3456789012345678="1"
^Ce3456789012345678(1)="3"
^Ce34567890123456789="1"
^Ce34567890123456789(1)="3"
^Ce345678901234567890="1"
^Ce345678901234567890(1)="3"
^Ce3456789012345678901="1"
^Ce3456789012345678901(1)="3"
^Ce34567890123456789012="1"
^Ce34567890123456789012(1)="3"
^Ce345678901234567890123="1"
^Ce345678901234567890123(1)="3"
^Ce3456789012345678901234="1"
^Ce3456789012345678901234(1)="3"
^Ce34567890123456789012345="1"
^Ce34567890123456789012345(1)="3"
^Ce345678901234567890123456="1"
^Ce345678901234567890123456(1)="3"
^Ce3456789012345678901234567="1"
^Ce3456789012345678901234567(1)="3"
^Ce34567890123456789012345678="1"
^Ce34567890123456789012345678(1)="3"
^Ce345678901234567890123456789="1"
^Ce345678901234567890123456789(1)="3"
^Ce3456789012345678901234567890="1"
^Ce3456789012345678901234567890(1)="3"
^Ce34567890123456789012345678901="2"
^Ce34567890123456789012345678901(1)="4"
^Ce3456789012345678901234567890a="2"
^Ce3456789012345678901234567890a(1)="4"
^Ce345678901234567890123456789a="2"
^Ce345678901234567890123456789a(1)="4"
^Ce34567890123456789012345678a="2"
^Ce34567890123456789012345678a(1)="4"
^Ce3456789012345678901234567a="2"
^Ce3456789012345678901234567a(1)="4"
^Ce345678901234567890123456a="2"
^Ce345678901234567890123456a(1)="4"
^Ce34567890123456789012345a="2"
^Ce34567890123456789012345a(1)="4"
^Ce3456789012345678901234a="2"
^Ce3456789012345678901234a(1)="4"
^Ce345678901234567890123a="2"
^Ce345678901234567890123a(1)="4"
^Ce34567890123456789012a="2"
^Ce34567890123456789012a(1)="4"
^Ce3456789012345678901a="2"
^Ce3456789012345678901a(1)="4"
^Ce345678901234567890a="2"
^Ce345678901234567890a(1)="4"
^Ce34567890123456789a="2"
^Ce34567890123456789a(1)="4"
^Ce3456789012345678a="2"
^Ce3456789012345678a(1)="4"
^Ce345678901234567a="2"
^Ce345678901234567a(1)="4"
^Ce34567890123456a="2"
^Ce34567890123456a(1)="4"
^Ce3456789012345a="2"
^Ce3456789012345a(1)="4"
^Ce345678901234a="2"
^Ce345678901234a(1)="4"
^Ce34567890123a="2"
^Ce34567890123a(1)="4"
^Ce3456789012a="2"
^Ce3456789012a(1)="4"
^Ce345678901a="2"
^Ce345678901a(1)="4"
^Ce34567890a="2"
^Ce34567890a(1)="4"
^Ce3456789a="2"
^Ce3456789a(1)="4"
^Ce345678a="2"
^Ce345678a(1)="4"
^Ce34567a="2"
^Ce34567a(1)="4"
^Ce3456a="2"
^Ce3456a(1)="4"
^Ce345a="2"
^Ce345a(1)="4"
^Ce34a="2"
^Ce34a(1)="4"
^Ce3a="2"
^Ce3a(1)="4"
^Da3="1"
^Da3(1)="3"
^Da34="1"
^Da34(1)="3"
^Da345="1"
^Da345(1)="3"
^Da3456="1"
^Da3456(1)="3"
^Da34567="1"
^Da34567(1)="3"
^Da345678="1"
^Da345678(1)="3"
^Da3456789="1"
^Da3456789(1)="3"
^Da34567890="1"
^Da34567890(1)="3"
^Da345678902="1"
^Da345678902(1)="2"
^Da34567890a="2"
^Da34567890a(1)="4"
^Da3456789a="2"
^Da3456789a(1)="4"
^Da345678a="2"
^Da345678a(1)="4"
^Da34567a="2"
^Da34567a(1)="4"
^Da3456a="2"
^Da3456a(1)="4"
^Da345a="2"
^Da345a(1)="4"
^Da34a="2"
^Da34a(1)="4"
^Da3a="2"
^Da3a(1)="4"
^Db3="1"
^Db3(1)="3"
^Db34="1"
^Db34(1)="3"
^Db345="1"
^Db345(1)="3"
^Db3456="1"
^Db3456(1)="3"
^Db34567="1"
^Db34567(1)="3"
^Db345678="1"
^Db345678(1)="3"
^Db3456789="1"
^Db3456789(1)="3"
^Db34567890="1"
^Db34567890(1)="3"
^Db345678901="1"
^Db345678901(1)="3"
^Db3456789012="1"
^Db3456789012(1)="3"
^Db34567890123="1"
^Db34567890123(1)="3"
^Db345678901234="1"
^Db345678901234(1)="3"
^Db3456789012345="1"
^Db3456789012345(1)="3"
^Db34567890123456="1"
^Db34567890123456(1)="3"
^Db345678901234567="1"
^Db345678901234567(1)="3"
^Db3456789012345678="1"
^Db3456789012345678(1)="3"
^Db34567890123456789="1"
^Db34567890123456789(1)="3"
^Db345678901234567890="1"
^Db345678901234567890(1)="3"
^Db3456789012345678902="1"
^Db3456789012345678902(1)="2"
^Db345678901234567890a="2"
^Db345678901234567890a(1)="4"
^Db34567890123456789a="2"
^Db34567890123456789a(1)="4"
^Db3456789012345678a="2"
^Db3456789012345678a(1)="4"
^Db345678901234567a="2"
^Db345678901234567a(1)="4"
^Db34567890123456a="2"
^Db34567890123456a(1)="4"
^Db3456789012345a="2"
^Db3456789012345a(1)="4"
^Db345678901234a="2"
^Db345678901234a(1)="4"
^Db34567890123a="2"
^Db34567890123a(1)="4"
^Db3456789012a="2"
^Db3456789012a(1)="4"
^Db345678901a="2"
^Db345678901a(1)="4"
^Db34567890a="2"
^Db34567890a(1)="4"
^Db3456789a="2"
^Db3456789a(1)="4"
^Db345678a="2"
^Db345678a(1)="4"
^Db34567a="2"
^Db34567a(1)="4"
^Db3456a="2"
^Db3456a(1)="4"
^Db345a="2"
^Db345a(1)="4"
^Db34a="2"
^Db34a(1)="4"
^Db3a="2"
^Db3a(1)="4"
^Dc3="1"
^Dc3(1)="3"
^Dc34="1"
^Dc34(1)="3"
^Dc345="1"
^Dc345(1)="3"
^Dc3456="1"
^Dc3456(1)="3"
^Dc34567="1"
^Dc34567(1)="3"
^Dc345678="1"
^Dc345678(1)="3"
^Dc3456789="1"
^Dc3456789(1)="3"
^Dc34567890="1"
^Dc34567890(1)="3"
^Dc345678901="1"
^Dc345678901(1)="3"
^Dc3456789012="1"
^Dc3456789012(1)="3"
^Dc34567890123="1"
^Dc34567890123(1)="3"
^Dc345678901234="1"
^Dc345678901234(1)="3"
^Dc3456789012345="1"
^Dc3456789012345(1)="3"
^Dc34567890123456="1"
^Dc34567890123456(1)="3"
^Dc345678901234567="1"
^Dc345678901234567(1)="3"
^Dc3456789012345678="1"
^Dc3456789012345678(1)="3"
^Dc34567890123456789="1"
^Dc34567890123456789(1)="3"
^Dc345678901234567890="1"
^Dc345678901234567890(1)="3"
^Dc3456789012345678901="1"
^Dc3456789012345678901(1)="3"
^Dc34567890123456789012="1"
^Dc34567890123456789012(1)="3"
^Dc345678901234567890123="1"
^Dc345678901234567890123(1)="3"
^Dc3456789012345678901234="1"
^Dc3456789012345678901234(1)="3"
^Dc34567890123456789012345="1"
^Dc34567890123456789012345(1)="3"
^Dc345678901234567890123456="1"
^Dc345678901234567890123456(1)="3"
^Dc3456789012345678901234567="1"
^Dc3456789012345678901234567(1)="3"
^Dc34567890123456789012345678="1"
^Dc34567890123456789012345678(1)="3"
^Dc3456789012345678901234567890="1"
^Dc3456789012345678901234567890(1)="2"
^Dc34567890123456789012345678901="2"
^Dc34567890123456789012345678901(1)="4"
^Dc3456789012345678901234567890a="2"
^Dc3456789012345678901234567890a(1)="4"
^Dc345678901234567890123456789a="2"
^Dc345678901234567890123456789a(1)="4"
^Dc34567890123456789012345678a="2"
^Dc34567890123456789012345678a(1)="4"
^Dc3456789012345678901234567a="2"
^Dc3456789012345678901234567a(1)="4"
^Dc345678901234567890123456a="2"
^Dc345678901234567890123456a(1)="4"
^Dc34567890123456789012345a="2"
^Dc34567890123456789012345a(1)="4"
^Dc3456789012345678901234a="2"
^Dc3456789012345678901234a(1)="4"
^Dc345678901234567890123a="2"
^Dc345678901234567890123a(1)="4"
^Dc34567890123456789012a="2"
^Dc34567890123456789012a(1)="4"
^Dc3456789012345678901a="2"
^Dc3456789012345678901a(1)="4"
^Dc345678901234567890a="2"
^Dc345678901234567890a(1)="4"
^Dc34567890123456789a="2"
^Dc34567890123456789a(1)="4"
^Dc3456789012345678a="2"
^Dc3456789012345678a(1)="4"
^Dc345678901234567a="2"
^Dc345678901234567a(1)="4"
^Dc34567890123456a="2"
^Dc34567890123456a(1)="4"
^Dc3456789012345a="2"
^Dc3456789012345a(1)="4"
^Dc345678901234a="2"
^Dc345678901234a(1)="4"
^Dc34567890123a="2"
^Dc34567890123a(1)="4"
^Dc3456789012a="2"
^Dc3456789012a(1)="4"
^Dc345678901a="2"
^Dc345678901a(1)="4"
^Dc34567890a="2"
^Dc34567890a(1)="4"
^Dc3456789a="2"
^Dc3456789a(1)="4"
^Dc345678a="2"
^Dc345678a(1)="4"
^Dc34567a="2"
^Dc34567a(1)="4"
^Dc3456a="2"
^Dc3456a(1)="4"
^Dc345a="2"
^Dc345a(1)="4"
^Dc34a="2"
^Dc34a(1)="4"
^Dc3a="2"
^Dc3a(1)="4"
^Dd3="1"
^Dd3(1)="3"
^Dd34="1"
^Dd34(1)="3"
^Dd345="1"
^Dd345(1)="3"
^Dd3456="1"
^Dd3456(1)="3"
^Dd34567="1"
^Dd34567(1)="3"
^Dd345678="1"
^Dd345678(1)="3"
^Dd3456789="1"
^Dd3456789(1)="3"
^Dd34567890="1"
^Dd34567890(1)="3"
^Dd345678901="1"
^Dd345678901(1)="3"
^Dd3456789012="1"
^Dd3456789012(1)="3"
^Dd34567890123="1"
^Dd34567890123(1)="3"
^Dd345678901234="1"
^Dd345678901234(1)="3"
^Dd3456789012345="1"
^Dd3456789012345(1)="3"
^Dd34567890123456="1"
^Dd34567890123456(1)="3"
^Dd345678901234567="1"
^Dd345678901234567(1)="3"
^Dd3456789012345678="1"
^Dd3456789012345678(1)="3"
^Dd34567890123456789="1"
^Dd34567890123456789(1)="3"
^Dd345678901234567890="1"
^Dd345678901234567890(1)="3"
^Dd3456789012345678901="1"
^Dd3456789012345678901(1)="3"
^Dd34567890123456789012="1"
^Dd34567890123456789012(1)="3"
^Dd345678901234567890123="1"
^Dd345678901234567890123(1)="3"
^Dd3456789012345678901234="1"
^Dd3456789012345678901234(1)="3"
^Dd34567890123456789012345="1"
^Dd34567890123456789012345(1)="3"
^Dd345678901234567890123456="1"
^Dd345678901234567890123456(1)="3"
^Dd3456789012345678901234567="1"
^Dd3456789012345678901234567(1)="3"
^Dd34567890123456789012345678="1"
^Dd34567890123456789012345678(1)="3"
^Dd345678901234567890123456789="1"
^Dd345678901234567890123456789(1)="3"
^Dd3456789012345678901234567891="1"
^Dd3456789012345678901234567891(1)="2"
^Dd345678901234567890123456789a="2"
^Dd345678901234567890123456789a(1)="4"
^Dd34567890123456789012345678a="2"
^Dd34567890123456789012345678a(1)="4"
^Dd3456789012345678901234567a="2"
^Dd3456789012345678901234567a(1)="4"
^Dd345678901234567890123456a="2"
^Dd345678901234567890123456a(1)="4"
^Dd34567890123456789012345a="2"
^Dd34567890123456789012345a(1)="4"
^Dd3456789012345678901234a="2"
^Dd3456789012345678901234a(1)="4"
^Dd345678901234567890123a="2"
^Dd345678901234567890123a(1)="4"
^Dd34567890123456789012a="2"
^Dd34567890123456789012a(1)="4"
^Dd3456789012345678901a="2"
^Dd3456789012345678901a(1)="4"
^Dd345678901234567890a="2"
^Dd345678901234567890a(1)="4"
^Dd34567890123456789a="2"
^Dd34567890123456789a(1)="4"
^Dd3456789012345678a="2"
^Dd3456789012345678a(1)="4"
^Dd345678901234567a="2"
^Dd345678901234567a(1)="4"
^Dd34567890123456a="2"
^Dd34567890123456a(1)="4"
^Dd3456789012345a="2"
^Dd3456789012345a(1)="4"
^Dd345678901234a="2"
^Dd345678901234a(1)="4"
^Dd34567890123a="2"
^Dd34567890123a(1)="4"
^Dd3456789012a="2"
^Dd3456789012a(1)="4"
^Dd345678901a="2"
^Dd345678901a(1)="4"
^Dd34567890a="2"
^Dd34567890a(1)="4"
^Dd3456789a="2"
^Dd3456789a(1)="4"
^Dd345678a="2"
^Dd345678a(1)="4"
^Dd34567a="2"
^Dd34567a(1)="4"
^Dd3456a="2"
^Dd3456a(1)="4"
^Dd345a="2"
^Dd345a(1)="4"
^Dd34a="2"
^Dd34a(1)="4"
^Dd3a="2"
^Dd3a(1)="4"
^De3="1"
^De3(1)="3"
^De34="1"
^De34(1)="3"
^De345="1"
^De345(1)="3"
^De3456="1"
^De3456(1)="3"
^De34567="1"
^De34567(1)="3"
^De345678="1"
^De345678(1)="3"
^De3456789="1"
^De3456789(1)="3"
^De34567890="1"
^De34567890(1)="3"
^De345678901="1"
^De345678901(1)="3"
^De3456789012="1"
^De3456789012(1)="3"
^De34567890123="1"
^De34567890123(1)="3"
^De345678901234="1"
^De345678901234(1)="3"
^De3456789012345="1"
^De3456789012345(1)="3"
^De34567890123456="1"
^De34567890123456(1)="3"
^De345678901234567="1"
^De345678901234567(1)="3"
^De3456789012345678="1"
^De3456789012345678(1)="3"
^De34567890123456789="1"
^De34567890123456789(1)="3"
^De345678901234567890="1"
^De345678901234567890(1)="3"
^De3456789012345678901="1"
^De3456789012345678901(1)="3"
^De34567890123456789012="1"
^De34567890123456789012(1)="3"
^De345678901234567890123="1"
^De345678901234567890123(1)="3"
^De3456789012345678901234="1"
^De3456789012345678901234(1)="3"
^De34567890123456789012345="1"
^De34567890123456789012345(1)="3"
^De345678901234567890123456="1"
^De345678901234567890123456(1)="3"
^De3456789012345678901234567="1"
^De3456789012345678901234567(1)="3"
^De34567890123456789012345678="1"
^De34567890123456789012345678(1)="3"
^De345678901234567890123456789="1"
^De345678901234567890123456789(1)="3"
^De3456789012345678901234567890="1"
^De3456789012345678901234567890(1)="3"
^De34567890123456789012345678901="2"
^De34567890123456789012345678901(1)="4"
^De3456789012345678901234567890a="2"
^De3456789012345678901234567890a(1)="4"
^De345678901234567890123456789a="2"
^De345678901234567890123456789a(1)="4"
^De34567890123456789012345678a="2"
^De34567890123456789012345678a(1)="4"
^De3456789012345678901234567a="2"
^De3456789012345678901234567a(1)="4"
^De345678901234567890123456a="2"
^De345678901234567890123456a(1)="4"
^De34567890123456789012345a="2"
^De34567890123456789012345a(1)="4"
^De3456789012345678901234a="2"
^De3456789012345678901234a(1)="4"
^De345678901234567890123a="2"
^De345678901234567890123a(1)="4"
^De34567890123456789012a="2"
^De34567890123456789012a(1)="4"
^De3456789012345678901a="2"
^De3456789012345678901a(1)="4"
^De345678901234567890a="2"
^De345678901234567890a(1)="4"
^De34567890123456789a="2"
^De34567890123456789a(1)="4"
^De3456789012345678a="2"
^De3456789012345678a(1)="4"
^De345678901234567a="2"
^De345678901234567a(1)="4"
^De34567890123456a="2"
^De34567890123456a(1)="4"
^De3456789012345a="2"
^De3456789012345a(1)="4"
^De345678901234a="2"
^De345678901234a(1)="4"
^De34567890123a="2"
^De34567890123a(1)="4"
^De3456789012a="2"
^De3456789012a(1)="4"
^De345678901a="2"
^De345678901a(1)="4"
^De34567890a="2"
^De34567890a(1)="4"
^De3456789a="2"
^De3456789a(1)="4"
^De345678a="2"
^De345678a(1)="4"
^De34567a="2"
^De34567a(1)="4"
^De3456a="2"
^De3456a(1)="4"
^De345a="2"
^De345a(1)="4"
^De34a="2"
^De34a(1)="4"
^De3a="2"
^De3a(1)="4"
^Ea3="1"
^Ea3(1)="3"
^Ea34="1"
^Ea34(1)="3"
^Ea345="1"
^Ea345(1)="3"
^Ea3456="1"
^Ea3456(1)="3"
^Ea34567="1"
^Ea34567(1)="3"
^Ea345678="1"
^Ea345678(1)="3"
^Ea3456789="1"
^Ea3456789(1)="3"
^Ea34567890="1"
^Ea34567890(1)="3"
^Ea345678901="1"
^Ea345678901(1)="3"
^Ea3456789012="1"
^Ea3456789012(1)="3"
^Ea34567890123="1"
^Ea34567890123(1)="3"
^Ea345678901234="1"
^Ea345678901234(1)="3"
^Ea3456789012345="1"
^Ea3456789012345(1)="3"
^Ea34567890123456="1"
^Ea34567890123456(1)="3"
^Ea345678901234567="1"
^Ea345678901234567(1)="3"
^Ea3456789012345678="1"
^Ea3456789012345678(1)="3"
^Ea34567890123456789="1"
^Ea34567890123456789(1)="3"
^Ea345678901234567890="1"
^Ea345678901234567890(1)="3"
^Ea3456789012345678901="1"
^Ea3456789012345678901(1)="3"
^Ea34567890123456789012="1"
^Ea34567890123456789012(1)="3"
^Ea345678901234567890123="1"
^Ea345678901234567890123(1)="3"
^Ea3456789012345678901234="1"
^Ea3456789012345678901234(1)="3"
^Ea34567890123456789012345="1"
^Ea34567890123456789012345(1)="3"
^Ea345678901234567890123456="1"
^Ea345678901234567890123456(1)="3"
^Ea3456789012345678901234567="1"
^Ea3456789012345678901234567(1)="3"
^Ea34567890123456789012345678="1"
^Ea34567890123456789012345678(1)="3"
^Ea345678901234567890123456789="1"
^Ea345678901234567890123456789(1)="3"
^Ea3456789012345678901234567890="1"
^Ea3456789012345678901234567890(1)="3"
^Ea34567890123456789012345678901="2"
^Ea34567890123456789012345678901(1)="4"
^Ea3456789012345678901234567890a="2"
^Ea3456789012345678901234567890a(1)="4"
^Ea345678901234567890123456789a="2"
^Ea345678901234567890123456789a(1)="4"
^Ea34567890123456789012345678a="2"
^Ea34567890123456789012345678a(1)="4"
^Ea3456789012345678901234567a="2"
^Ea3456789012345678901234567a(1)="4"
^Ea345678901234567890123456a="2"
^Ea345678901234567890123456a(1)="4"
^Ea34567890123456789012345a="2"
^Ea34567890123456789012345a(1)="4"
^Ea3456789012345678901234a="2"
^Ea3456789012345678901234a(1)="4"
^Ea345678901234567890123a="2"
^Ea345678901234567890123a(1)="4"
^Ea34567890123456789012a="2"
^Ea34567890123456789012a(1)="4"
^Ea3456789012345678901a="2"
^Ea3456789012345678901a(1)="4"
^Ea345678901234567890a="2"
^Ea345678901234567890a(1)="4"
^Ea34567890123456789a="2"
^Ea34567890123456789a(1)="4"
^Ea3456789012345678a="2"
^Ea3456789012345678a(1)="4"
^Ea345678901234567a="2"
^Ea345678901234567a(1)="4"
^Ea34567890123456a="2"
^Ea34567890123456a(1)="4"
^Ea3456789012345a="2"
^Ea3456789012345a(1)="4"
^Ea345678901234a="2"
^Ea345678901234a(1)="4"
^Ea34567890123a="2"
^Ea34567890123a(1)="4"
^Ea3456789012a="2"
^Ea3456789012a(1)="4"
^Ea345678901a="2"
^Ea345678901a(1)="4"
^Ea34567890a="2"
^Ea34567890a(1)="4"
^Ea3456789a="2"
^Ea3456789a(1)="4"
^Ea345678a="2"
^Ea345678a(1)="4"
^Ea34567a="2"
^Ea34567a(1)="4"
^Ea3456a="2"
^Ea3456a(1)="4"
^Ea345a="2"
^Ea345a(1)="4"
^Ea34a="2"
^Ea34a(1)="4"
^Ea3a="2"
^Ea3a(1)="4"
^Eb3="1"
^Eb3(1)="3"
^Eb34="1"
^Eb34(1)="3"
^Eb345="1"
^Eb345(1)="3"
^Eb3456="1"
^Eb3456(1)="3"
^Eb34567="1"
^Eb34567(1)="3"
^Eb345678="1"
^Eb345678(1)="3"
^Eb3456789="1"
^Eb3456789(1)="3"
^Eb34567890="1"
^Eb34567890(1)="3"
^Eb345678901="1"
^Eb345678901(1)="3"
^Eb3456789012="1"
^Eb3456789012(1)="3"
^Eb34567890123="1"
^Eb34567890123(1)="3"
^Eb345678901234="1"
^Eb345678901234(1)="3"
^Eb3456789012345="1"
^Eb3456789012345(1)="3"
^Eb34567890123456="1"
^Eb34567890123456(1)="3"
^Eb345678901234567="1"
^Eb345678901234567(1)="3"
^Eb3456789012345678="1"
^Eb3456789012345678(1)="3"
^Eb34567890123456789="1"
^Eb34567890123456789(1)="3"
^Eb345678901234567890="1"
^Eb345678901234567890(1)="3"
^Eb3456789012345678901="1"
^Eb3456789012345678901(1)="3"
^Eb34567890123456789012="1"
^Eb34567890123456789012(1)="3"
^Eb345678901234567890123="1"
^Eb345678901234567890123(1)="3"
^Eb3456789012345678901234="1"
^Eb3456789012345678901234(1)="3"
^Eb34567890123456789012345="1"
^Eb34567890123456789012345(1)="3"
^Eb345678901234567890123456="1"
^Eb345678901234567890123456(1)="3"
^Eb3456789012345678901234567="1"
^Eb3456789012345678901234567(1)="3"
^Eb34567890123456789012345678="1"
^Eb34567890123456789012345678(1)="3"
^Eb345678901234567890123456789="1"
^Eb345678901234567890123456789(1)="3"
^Eb3456789012345678901234567890="1"
^Eb3456789012345678901234567890(1)="3"
^Eb34567890123456789012345678901="2"
^Eb34567890123456789012345678901(1)="4"
^Eb3456789012345678901234567890a="2"
^Eb3456789012345678901234567890a(1)="4"
^Eb345678901234567890123456789a="2"
^Eb345678901234567890123456789a(1)="4"
^Eb34567890123456789012345678a="2"
^Eb34567890123456789012345678a(1)="4"
^Eb3456789012345678901234567a="2"
^Eb3456789012345678901234567a(1)="4"
^Eb345678901234567890123456a="2"
^Eb345678901234567890123456a(1)="4"
^Eb34567890123456789012345a="2"
^Eb34567890123456789012345a(1)="4"
^Eb3456789012345678901234a="2"
^Eb3456789012345678901234a(1)="4"
^Eb345678901234567890123a="2"
^Eb345678901234567890123a(1)="4"
^Eb34567890123456789012a="2"
^Eb34567890123456789012a(1)="4"
^Eb3456789012345678901a="2"
^Eb3456789012345678901a(1)="4"
^Eb345678901234567890a="2"
^Eb345678901234567890a(1)="4"
^Eb34567890123456789a="2"
^Eb34567890123456789a(1)="4"
^Eb3456789012345678a="2"
^Eb3456789012345678a(1)="4"
^Eb345678901234567a="2"
^Eb345678901234567a(1)="4"
^Eb34567890123456a="2"
^Eb34567890123456a(1)="4"
^Eb3456789012345a="2"
^Eb3456789012345a(1)="4"
^Eb345678901234a="2"
^Eb345678901234a(1)="4"
^Eb34567890123a="2"
^Eb34567890123a(1)="4"
^Eb3456789012a="2"
^Eb3456789012a(1)="4"
^Eb345678901a="2"
^Eb345678901a(1)="4"
^Eb34567890a="2"
^Eb34567890a(1)="4"
^Eb3456789a="2"
^Eb3456789a(1)="4"
^Eb345678a="2"
^Eb345678a(1)="4"
^Eb34567a="2"
^Eb34567a(1)="4"
^Eb3456a="2"
^Eb3456a(1)="4"
^Eb345a="2"
^Eb345a(1)="4"
^Eb34a="2"
^Eb34a(1)="4"
^Eb3a="2"
^Eb3a(1)="4"
^Ec3="1"
^Ec3(1)="3"
^Ec34="1"
^Ec34(1)="3"
^Ec345="1"
^Ec345(1)="3"
^Ec3456="1"
^Ec3456(1)="3"
^Ec34567="1"
^Ec34567(1)="3"
^Ec345678="1"
^Ec345678(1)="3"
^Ec3456789="1"
^Ec3456789(1)="3"
^Ec34567890="1"
^Ec34567890(1)="3"
^Ec345678901="1"
^Ec345678901(1)="3"
^Ec3456789012="1"
^Ec3456789012(1)="3"
^Ec34567890123="1"
^Ec34567890123(1)="3"
^Ec345678901234="1"
^Ec345678901234(1)="3"
^Ec3456789012345="1"
^Ec3456789012345(1)="3"
^Ec34567890123456="1"
^Ec34567890123456(1)="3"
^Ec345678901234567="1"
^Ec345678901234567(1)="3"
^Ec3456789012345678="1"
^Ec3456789012345678(1)="3"
^Ec34567890123456789="1"
^Ec34567890123456789(1)="3"
^Ec345678901234567890="1"
^Ec345678901234567890(1)="3"
^Ec3456789012345678901="1"
^Ec3456789012345678901(1)="3"
^Ec34567890123456789012="1"
^Ec34567890123456789012(1)="3"
^Ec345678901234567890123="1"
^Ec345678901234567890123(1)="3"
^Ec3456789012345678901234="1"
^Ec3456789012345678901234(1)="3"
^Ec34567890123456789012345="1"
^Ec34567890123456789012345(1)="3"
^Ec345678901234567890123456="1"
^Ec345678901234567890123456(1)="3"
^Ec3456789012345678901234567="1"
^Ec3456789012345678901234567(1)="3"
^Ec34567890123456789012345678="1"
^Ec34567890123456789012345678(1)="3"
^Ec345678901234567890123456789="1"
^Ec345678901234567890123456789(1)="3"
^Ec3456789012345678901234567890="1"
^Ec3456789012345678901234567890(1)="3"
^Ec34567890123456789012345678901="2"
^Ec34567890123456789012345678901(1)="4"
^Ec3456789012345678901234567890a="2"
^Ec3456789012345678901234567890a(1)="4"
^Ec345678901234567890123456789a="2"
^Ec345678901234567890123456789a(1)="4"
^Ec34567890123456789012345678a="2"
^Ec34567890123456789012345678a(1)="4"
^Ec3456789012345678901234567a="2"
^Ec3456789012345678901234567a(1)="4"
^Ec345678901234567890123456a="2"
^Ec345678901234567890123456a(1)="4"
^Ec34567890123456789012345a="2"
^Ec34567890123456789012345a(1)="4"
^Ec3456789012345678901234a="2"
^Ec3456789012345678901234a(1)="4"
^Ec345678901234567890123a="2"
^Ec345678901234567890123a(1)="4"
^Ec34567890123456789012a="2"
^Ec34567890123456789012a(1)="4"
^Ec3456789012345678901a="2"
^Ec3456789012345678901a(1)="4"
^Ec345678901234567890a="2"
^Ec345678901234567890a(1)="4"
^Ec34567890123456789a="2"
^Ec34567890123456789a(1)="4"
^Ec3456789012345678a="2"
^Ec3456789012345678a(1)="4"
^Ec345678901234567a="2"
^Ec345678901234567a(1)="4"
^Ec34567890123456a="2"
^Ec34567890123456a(1)="4"
^Ec3456789012345a="2"
^Ec3456789012345a(1)="4"
^Ec345678901234a="2"
^Ec345678901234a(1)="4"
^Ec34567890123a="2"
^Ec34567890123a(1)="4"
^Ec3456789012a="2"
^Ec3456789012a(1)="4"
^Ec345678901a="2"
^Ec345678901a(1)="4"
^Ec34567890a="2"
^Ec34567890a(1)="4"
^Ec3456789a="2"
^Ec3456789a(1)="4"
^Ec345678a="2"
^Ec345678a(1)="4"
^Ec34567a="2"
^Ec34567a(1)="4"
^Ec3456a="2"
^Ec3456a(1)="4"
^Ec345a="2"
^Ec345a(1)="4"
^Ec34a="2"
^Ec34a(1)="4"
^Ec3a="2"
^Ec3a(1)="4"
^Ed3="1"
^Ed3(1)="3"
^Ed34="1"
^Ed34(1)="3"
^Ed345="1"
^Ed345(1)="3"
^Ed3456="1"
^Ed3456(1)="3"
^Ed34567="1"
^Ed34567(1)="3"
^Ed345678="1"
^Ed345678(1)="3"
^Ed3456789="1"
^Ed3456789(1)="3"
^Ed34567890="1"
^Ed34567890(1)="3"
^Ed345678901="1"
^Ed345678901(1)="3"
^Ed3456789012="1"
^Ed3456789012(1)="3"
^Ed34567890123="1"
^Ed34567890123(1)="3"
^Ed345678901234="1"
^Ed345678901234(1)="3"
^Ed3456789012345="1"
^Ed3456789012345(1)="3"
^Ed34567890123456="1"
^Ed34567890123456(1)="3"
^Ed345678901234567="1"
^Ed345678901234567(1)="3"
^Ed3456789012345678="1"
^Ed3456789012345678(1)="3"
^Ed34567890123456789="1"
^Ed34567890123456789(1)="3"
^Ed345678901234567890="1"
^Ed345678901234567890(1)="3"
^Ed3456789012345678901="1"
^Ed3456789012345678901(1)="3"
^Ed34567890123456789012="1"
^Ed34567890123456789012(1)="3"
^Ed345678901234567890123="1"
^Ed345678901234567890123(1)="3"
^Ed3456789012345678901234="1"
^Ed3456789012345678901234(1)="3"
^Ed34567890123456789012345="1"
^Ed34567890123456789012345(1)="3"
^Ed345678901234567890123456="1"
^Ed345678901234567890123456(1)="3"
^Ed3456789012345678901234567="1"
^Ed3456789012345678901234567(1)="3"
^Ed34567890123456789012345678="1"
^Ed34567890123456789012345678(1)="3"
^Ed345678901234567890123456789="1"
^Ed345678901234567890123456789(1)="3"
^Ed3456789012345678901234567890="1"
^Ed3456789012345678901234567890(1)="3"
^Ed34567890123456789012345678901="2"
^Ed34567890123456789012345678901(1)="4"
^Ed3456789012345678901234567890a="2"
^Ed3456789012345678901234567890a(1)="4"
^Ed345678901234567890123456789a="2"
^Ed345678901234567890123456789a(1)="4"
^Ed34567890123456789012345678a="2"
^Ed34567890123456789012345678a(1)="4"
^Ed3456789012345678901234567a="2"
^Ed3456789012345678901234567a(1)="4"
^Ed345678901234567890123456a="2"
^Ed345678901234567890123456a(1)="4"
^Ed34567890123456789012345a="2"
^Ed34567890123456789012345a(1)="4"
^Ed3456789012345678901234a="2"
^Ed3456789012345678901234a(1)="4"
^Ed345678901234567890123a="2"
^Ed345678901234567890123a(1)="4"
^Ed34567890123456789012a="2"
^Ed34567890123456789012a(1)="4"
^Ed3456789012345678901a="2"
^Ed3456789012345678901a(1)="4"
^Ed345678901234567890a="2"
^Ed345678901234567890a(1)="4"
^Ed34567890123456789a="2"
^Ed34567890123456789a(1)="4"
^Ed3456789012345678a="2"
^Ed3456789012345678a(1)="4"
^Ed345678901234567a="2"
^Ed345678901234567a(1)="4"
^Ed34567890123456a="2"
^Ed34567890123456a(1)="4"
^Ed3456789012345a="2"
^Ed3456789012345a(1)="4"
^Ed345678901234a="2"
^Ed345678901234a(1)="4"
^Ed34567890123a="2"
^Ed34567890123a(1)="4"
^Ed3456789012a="2"
^Ed3456789012a(1)="4"
^Ed345678901a="2"
^Ed345678901a(1)="4"
^Ed34567890a="2"
^Ed34567890a(1)="4"
^Ed3456789a="2"
^Ed3456789a(1)="4"
^Ed345678a="2"
^Ed345678a(1)="4"
^Ed34567a="2"
^Ed34567a(1)="4"
^Ed3456a="2"
^Ed3456a(1)="4"
^Ed345a="2"
^Ed345a(1)="4"
^Ed34a="2"
^Ed34a(1)="4"
^Ed3a="2"
^Ed3a(1)="4"
^Ee3="1"
^Ee3(1)="3"
^Ee34="1"
^Ee34(1)="3"
^Ee345="1"
^Ee345(1)="3"
^Ee3456="1"
^Ee3456(1)="3"
^Ee34567="1"
^Ee34567(1)="3"
^Ee345678="1"
^Ee345678(1)="3"
^Ee3456789="1"
^Ee3456789(1)="3"
^Ee34567890="1"
^Ee34567890(1)="3"
^Ee345678901="1"
^Ee345678901(1)="3"
^Ee3456789012="1"
^Ee3456789012(1)="3"
^Ee34567890123="1"
^Ee34567890123(1)="3"
^Ee345678901234="1"
^Ee345678901234(1)="3"
^Ee3456789012345="1"
^Ee3456789012345(1)="3"
^Ee34567890123456="1"
^Ee34567890123456(1)="3"
^Ee345678901234567="1"
^Ee345678901234567(1)="3"
^Ee3456789012345678="1"
^Ee3456789012345678(1)="3"
^Ee34567890123456789="1"
^Ee34567890123456789(1)="3"
^Ee345678901234567890="1"
^Ee345678901234567890(1)="3"
^Ee3456789012345678901="1"
^Ee3456789012345678901(1)="3"
^Ee34567890123456789012="1"
^Ee34567890123456789012(1)="3"
^Ee345678901234567890123="1"
^Ee345678901234567890123(1)="3"
^Ee3456789012345678901234="1"
^Ee3456789012345678901234(1)="3"
^Ee34567890123456789012345="1"
^Ee34567890123456789012345(1)="3"
^Ee345678901234567890123456="1"
^Ee345678901234567890123456(1)="3"
^Ee3456789012345678901234567="1"
^Ee3456789012345678901234567(1)="3"
^Ee34567890123456789012345678="1"
^Ee34567890123456789012345678(1)="3"
^Ee345678901234567890123456789="1"
^Ee345678901234567890123456789(1)="3"
^Ee3456789012345678901234567890="1"
^Ee3456789012345678901234567890(1)="3"
^Ee34567890123456789012345678901="2"
^Ee34567890123456789012345678901(1)="4"
^Ee3456789012345678901234567890a="2"
^Ee3456789012345678901234567890a(1)="4"
^Ee345678901234567890123456789a="2"
^Ee345678901234567890123456789a(1)="4"
^Ee34567890123456789012345678a="2"
^Ee34567890123456789012345678a(1)="4"
^Ee3456789012345678901234567a="2"
^Ee3456789012345678901234567a(1)="4"
^Ee345678901234567890123456a="2"
^Ee345678901234567890123456a(1)="4"
^Ee34567890123456789012345a="2"
^Ee34567890123456789012345a(1)="4"
^Ee3456789012345678901234a="2"
^Ee3456789012345678901234a(1)="4"
^Ee345678901234567890123a="2"
^Ee345678901234567890123a(1)="4"
^Ee34567890123456789012a="2"
^Ee34567890123456789012a(1)="4"
^Ee3456789012345678901a="2"
^Ee3456789012345678901a(1)="4"
^Ee345678901234567890a="2"
^Ee345678901234567890a(1)="4"
^Ee34567890123456789a="2"
^Ee34567890123456789a(1)="4"
^Ee3456789012345678a="2"
^Ee3456789012345678a(1)="4"
^Ee345678901234567a="2"
^Ee345678901234567a(1)="4"
^Ee34567890123456a="2"
^Ee34567890123456a(1)="4"
^Ee3456789012345a="2"
^Ee3456789012345a(1)="4"
^Ee345678901234a="2"
^Ee345678901234a(1)="4"
^Ee34567890123a="2"
^Ee34567890123a(1)="4"
^Ee3456789012a="2"
^Ee3456789012a(1)="4"
^Ee345678901a="2"
^Ee345678901a(1)="4"
^Ee34567890a="2"
^Ee34567890a(1)="4"
^Ee3456789a="2"
^Ee3456789a(1)="4"
^Ee345678a="2"
^Ee345678a(1)="4"
^Ee34567a="2"
^Ee34567a(1)="4"
^Ee3456a="2"
^Ee3456a(1)="4"
^Ee345a="2"
^Ee345a(1)="4"
^Ee34a="2"
^Ee34a(1)="4"
^Ee3a="2"
^Ee3a(1)="4"
### gde_long1_temp.out ###
GT.M MUPIP EXTRACT
^Ca345678901="1"
^Ca345678901(1)="3"
^Ca3456789012="1"
^Ca3456789012(1)="3"
^Ca34567890123="1"
^Ca34567890123(1)="3"
^Ca345678901234="1"
^Ca345678901234(1)="3"
^Ca3456789012345="1"
^Ca3456789012345(1)="3"
^Ca34567890123456="1"
^Ca34567890123456(1)="3"
^Ca345678901234567="1"
^Ca345678901234567(1)="3"
^Ca3456789012345678="1"
^Ca3456789012345678(1)="3"
^Ca34567890123456789="1"
^Ca34567890123456789(1)="3"
^Ca345678901234567890="1"
^Ca345678901234567890(1)="3"
^Ca3456789012345678901="1"
^Ca3456789012345678901(1)="3"
^Ca34567890123456789012="1"
^Ca34567890123456789012(1)="3"
^Ca345678901234567890123="1"
^Ca345678901234567890123(1)="3"
^Ca3456789012345678901234="1"
^Ca3456789012345678901234(1)="3"
^Ca34567890123456789012345="1"
^Ca34567890123456789012345(1)="3"
^Ca345678901234567890123456="1"
^Ca345678901234567890123456(1)="3"
^Ca3456789012345678901234567="1"
^Ca3456789012345678901234567(1)="3"
^Ca34567890123456789012345678="1"
^Ca34567890123456789012345678(1)="3"
^Ca345678901234567890123456789="1"
^Ca345678901234567890123456789(1)="3"
^Ca3456789012345678901234567890="1"
^Ca3456789012345678901234567890(1)="3"
^Ca34567890123456789012345678901="2"
^Ca34567890123456789012345678901(1)="4"
^Ca3456789012345678901234567890a="2"
^Ca3456789012345678901234567890a(1)="4"
^Ca345678901234567890123456789a="2"
^Ca345678901234567890123456789a(1)="4"
^Ca34567890123456789012345678a="2"
^Ca34567890123456789012345678a(1)="4"
^Ca3456789012345678901234567a="2"
^Ca3456789012345678901234567a(1)="4"
^Ca345678901234567890123456a="2"
^Ca345678901234567890123456a(1)="4"
^Ca34567890123456789012345a="2"
^Ca34567890123456789012345a(1)="4"
^Ca3456789012345678901234a="2"
^Ca3456789012345678901234a(1)="4"
^Ca345678901234567890123a="2"
^Ca345678901234567890123a(1)="4"
^Ca34567890123456789012a="2"
^Ca34567890123456789012a(1)="4"
^Ca3456789012345678901a="2"
^Ca3456789012345678901a(1)="4"
^Ca345678901234567890a="2"
^Ca345678901234567890a(1)="4"
^Ca34567890123456789a="2"
^Ca34567890123456789a(1)="4"
^Ca3456789012345678a="2"
^Ca3456789012345678a(1)="4"
^Ca345678901234567a="2"
^Ca345678901234567a(1)="4"
^Ca34567890123456a="2"
^Ca34567890123456a(1)="4"
^Ca3456789012345a="2"
^Ca3456789012345a(1)="4"
^Ca345678901234a="2"
^Ca345678901234a(1)="4"
^Ca34567890123a="2"
^Ca34567890123a(1)="4"
^Ca3456789012a="2"
^Ca3456789012a(1)="4"
^Ca345678901a="2"
^Ca345678901a(1)="4"
^Cb3456789012345678901="1"
^Cb3456789012345678901(1)="3"
^Cb34567890123456789012="1"
^Cb34567890123456789012(1)="3"
^Cb345678901234567890123="1"
^Cb345678901234567890123(1)="3"
^Cb3456789012345678901234="1"
^Cb3456789012345678901234(1)="3"
^Cb34567890123456789012345="1"
^Cb34567890123456789012345(1)="3"
^Cb345678901234567890123456="1"
^Cb345678901234567890123456(1)="3"
^Cb3456789012345678901234567="1"
^Cb3456789012345678901234567(1)="3"
^Cb34567890123456789012345678="1"
^Cb34567890123456789012345678(1)="3"
^Cb345678901234567890123456789="1"
^Cb345678901234567890123456789(1)="3"
^Cb3456789012345678901234567890="1"
^Cb3456789012345678901234567890(1)="3"
^Cb34567890123456789012345678901="2"
^Cb34567890123456789012345678901(1)="4"
^Cb3456789012345678901234567890a="2"
^Cb3456789012345678901234567890a(1)="4"
^Cb345678901234567890123456789a="2"
^Cb345678901234567890123456789a(1)="4"
^Cb34567890123456789012345678a="2"
^Cb34567890123456789012345678a(1)="4"
^Cb3456789012345678901234567a="2"
^Cb3456789012345678901234567a(1)="4"
^Cb345678901234567890123456a="2"
^Cb345678901234567890123456a(1)="4"
^Cb34567890123456789012345a="2"
^Cb34567890123456789012345a(1)="4"
^Cb3456789012345678901234a="2"
^Cb3456789012345678901234a(1)="4"
^Cb345678901234567890123a="2"
^Cb345678901234567890123a(1)="4"
^Cb34567890123456789012a="2"
^Cb34567890123456789012a(1)="4"
^Cb3456789012345678901a="2"
^Cb3456789012345678901a(1)="4"
^Da345678901="1"
^Da345678901(1)="3"
^Da3456789012="1"
^Da3456789012(1)="3"
^Da34567890123="1"
^Da34567890123(1)="3"
^Da345678901234="1"
^Da345678901234(1)="3"
^Da3456789012345="1"
^Da3456789012345(1)="3"
^Da34567890123456="1"
^Da34567890123456(1)="3"
^Da345678901234567="1"
^Da345678901234567(1)="3"
^Da3456789012345678="1"
^Da3456789012345678(1)="3"
^Da34567890123456789="1"
^Da34567890123456789(1)="3"
^Da345678901234567890="1"
^Da345678901234567890(1)="3"
^Da3456789012345678901="1"
^Da3456789012345678901(1)="3"
^Da34567890123456789012="1"
^Da34567890123456789012(1)="3"
^Da345678901234567890123="1"
^Da345678901234567890123(1)="3"
^Da3456789012345678901234="1"
^Da3456789012345678901234(1)="3"
^Da34567890123456789012345="1"
^Da34567890123456789012345(1)="3"
^Da345678901234567890123456="1"
^Da345678901234567890123456(1)="3"
^Da3456789012345678901234567="1"
^Da3456789012345678901234567(1)="3"
^Da34567890123456789012345678="1"
^Da34567890123456789012345678(1)="3"
^Da345678901234567890123456789="1"
^Da345678901234567890123456789(1)="3"
^Da3456789012345678901234567890="1"
^Da3456789012345678901234567890(1)="3"
^Da34567890123456789012345678901="2"
^Da34567890123456789012345678901(1)="4"
^Da3456789012345678901234567890a="2"
^Da3456789012345678901234567890a(1)="4"
^Da345678901234567890123456789a="2"
^Da345678901234567890123456789a(1)="4"
^Da34567890123456789012345678a="2"
^Da34567890123456789012345678a(1)="4"
^Da3456789012345678901234567a="2"
^Da3456789012345678901234567a(1)="4"
^Da345678901234567890123456a="2"
^Da345678901234567890123456a(1)="4"
^Da34567890123456789012345a="2"
^Da34567890123456789012345a(1)="4"
^Da3456789012345678901234a="2"
^Da3456789012345678901234a(1)="4"
^Da345678901234567890123a="2"
^Da345678901234567890123a(1)="4"
^Da34567890123456789012a="2"
^Da34567890123456789012a(1)="4"
^Da3456789012345678901a="2"
^Da3456789012345678901a(1)="4"
^Da345678901234567890a="2"
^Da345678901234567890a(1)="4"
^Da34567890123456789a="2"
^Da34567890123456789a(1)="4"
^Da3456789012345678a="2"
^Da3456789012345678a(1)="4"
^Da345678901234567a="2"
^Da345678901234567a(1)="4"
^Da34567890123456a="2"
^Da34567890123456a(1)="4"
^Da3456789012345a="2"
^Da3456789012345a(1)="4"
^Da345678901234a="2"
^Da345678901234a(1)="4"
^Da34567890123a="2"
^Da34567890123a(1)="4"
^Da3456789012a="2"
^Da3456789012a(1)="4"
^Da345678901a="2"
^Da345678901a(1)="4"
^Db3456789012345678901="1"
^Db3456789012345678901(1)="3"
^Db34567890123456789012="1"
^Db34567890123456789012(1)="3"
^Db345678901234567890123="1"
^Db345678901234567890123(1)="3"
^Db3456789012345678901234="1"
^Db3456789012345678901234(1)="3"
^Db34567890123456789012345="1"
^Db34567890123456789012345(1)="3"
^Db345678901234567890123456="1"
^Db345678901234567890123456(1)="3"
^Db3456789012345678901234567="1"
^Db3456789012345678901234567(1)="3"
^Db34567890123456789012345678="1"
^Db34567890123456789012345678(1)="3"
^Db345678901234567890123456789="1"
^Db345678901234567890123456789(1)="3"
^Db3456789012345678901234567890="1"
^Db3456789012345678901234567890(1)="3"
^Db34567890123456789012345678901="2"
^Db34567890123456789012345678901(1)="4"
^Db3456789012345678901234567890a="2"
^Db3456789012345678901234567890a(1)="4"
^Db345678901234567890123456789a="2"
^Db345678901234567890123456789a(1)="4"
^Db34567890123456789012345678a="2"
^Db34567890123456789012345678a(1)="4"
^Db3456789012345678901234567a="2"
^Db3456789012345678901234567a(1)="4"
^Db345678901234567890123456a="2"
^Db345678901234567890123456a(1)="4"
^Db34567890123456789012345a="2"
^Db34567890123456789012345a(1)="4"
^Db3456789012345678901234a="2"
^Db3456789012345678901234a(1)="4"
^Db345678901234567890123a="2"
^Db345678901234567890123a(1)="4"
^Db34567890123456789012a="2"
^Db34567890123456789012a(1)="4"
^Db3456789012345678901a="2"
^Db3456789012345678901a(1)="4"
^Dd34567890123456789012345678901="1"
^Dd34567890123456789012345678901(1)="2"
