
----------------------------------------------------------
Journal Pool Control Structure
----------------------------------------------------------
CTL Label                                      GDSRPLUNX04
CTL Type                                           JNLPOOL
CTL YottaDB Version                         ##YDBVERSION##
CTL Instance file name                        ##INSTFILE##
CTL Start Journal Seqno                                  1 [0x0000000000000001]
CTL Journal Seqno                            ##JNLSEQNO1##
CTL Last histinfo Seqno                                  1 [0x0000000000000001]
CTL Journal Data Base Offset                  ##JNLDBOFF## [0x........]
CTL Journal Pool Size (in bytes)            ##JNLPOOLSIZ## [0x........]
CTL Reserved Write Offset                      ##OFFSET1##
CTL Absolute Write Offset                      ##OFFSET1##
CTL Updates Disabled                                 FALSE
CTL Last Write Length (in bytes)                        88 [0x00000058]
CTL Send LostTN Complete                             FALSE
CTL Primary Instance Name                                 
CTL Zqgblmod Seqno                                       0 [0x0000000000000000]
CTL Prev JnlSeqno Time                 ..../../.. ..:..:..
CTL Protocol Version                                     6 [0x00000006]
CTL Journal Version                                     44 [0x0000002C]
CTL Standard Null Collation                           TRUE
CTL Trigger Supported                    ##TRUE_OR_FALSE##
CTL Supplementary Instance               ##TRUE_OR_FALSE##
CTL Online Rollback PID                                  0 [0x00000000]
CTL Online Rollback Cycle                                0 [0x00000000]
CTL Freeze                                           FALSE
CTL Custom Errors Loaded                 ##TRUE_OR_FALSE##
CTL FTOK Counter Halted                  ##TRUE_OR_FALSE##
CTL Phase2 Commit Index1                   ##PHS2CMTINDX## [0x........]
CTL Phase2 Commit Index2                   ##PHS2CMTINDX## [0x........]
CTL Phase2 Commit IndexMax                           16384 [0x00004000]
CTL Phase2 Commit Latch Pid                              0 [0x00000000]
CTL JnlPoolWrite Sleep       Cntr                        0 [0x00000000]
CTL JnlPoolWrite Sleep       Seqno                       0 [0x00000000]
CTL Phs2CmtArrayFull Sleep   Cntr                        0 [0x00000000]
CTL Phs2CmtArrayFull Sleep   Seqno                       0 [0x00000000]
CTL ReplPhs2Clnup IsPrcAlv   Cntr                        0 [0x00000000]
CTL ReplPhs2Clnup IsPrcAlv   Seqno                       0 [0x00000000]

----------------------------------------------------------
File Header
----------------------------------------------------------
HDR Label (contains Major Version)             GDSRPLUNX05
HDR Minor Version                                        1
HDR Endian Format                                   ......
HDR 64-bit Format                                    .....
HDR Journal Pool Sem Id             .......... [0x........]
HDR Journal Pool Shm Id             .......... [0x........]
HDR Receive Pool Sem Id                            INVALID
HDR Receive Pool Shm Id                            INVALID
HDR Journal Pool Sem Create Time       ..../../.. ..:..:..
HDR Journal Pool Shm Create Time       ..../../.. ..:..:..
HDR Receive Pool Sem Create Time                         0
HDR Receive Pool Shm Create Time                         0
HDR Instance File Created Nodename            ##HOSTNAME##
HDR Instance Name                                INSTANCE1
HDR Instance File Create Time          ..../../.. ..:..:..
HDR Instance File Creator Pid                 PIDINDECIMAL [0xPIDINHEX]
HDR LMS Group Created Nodename                ##HOSTNAME##
HDR LMS Group Instance Name                      INSTANCE1
HDR LMS Group Creator Pid                     PIDINDECIMAL [0xPIDINHEX]
HDR LMS Group Create Time              ..../../.. ..:..:..
HDR Journal Sequence Number                              1 [0x0000000000000001]
HDR Root Primary Cycle                                   1 [0x00000001]
HDR Number of used history records                       1 [0x00000001]
HDR Allocated history records                            1 [0x00000001]
HDR Crash                                             TRUE
HDR Root Primary                                      TRUE
HDR Supplementary Instance               ##TRUE_OR_FALSE##
HDR Corrupt                                          FALSE
HDR Quick database rundown is active                 .....

----------------------------------------------------------
Source Server Slots
----------------------------------------------------------
SLT # 0 : Secondary Instance Name               INSTANCE19
SLT # 0 : Resync Sequence Number             ##JNLSEQNO1##
SLT # 0 : Connect Sequence Number            ##JNLSEQNO2##
----------------------------------------------------------
SLT # 1 : Secondary Instance Name               INSTANCE20
SLT # 1 : Resync Sequence Number             ##JNLSEQNO1##
SLT # 1 : Connect Sequence Number            ##JNLSEQNO2##
----------------------------------------------------------
SLT # 2 : Secondary Instance Name                INSTANCE4
SLT # 2 : Resync Sequence Number             ##JNLSEQNO2##
SLT # 2 : Connect Sequence Number                        1 [0x0000000000000001]
----------------------------------------------------------
SLT # 3 : Secondary Instance Name                INSTANCE5
SLT # 3 : Resync Sequence Number             ##JNLSEQNO2##
SLT # 3 : Connect Sequence Number                        1 [0x0000000000000001]
----------------------------------------------------------
SLT # 4 : Secondary Instance Name                INSTANCE6
SLT # 4 : Resync Sequence Number             ##JNLSEQNO1##
SLT # 4 : Connect Sequence Number                        1 [0x0000000000000001]
----------------------------------------------------------
SLT # 5 : Secondary Instance Name                INSTANCE7
SLT # 5 : Resync Sequence Number             ##JNLSEQNO1##
SLT # 5 : Connect Sequence Number                        1 [0x0000000000000001]
----------------------------------------------------------
SLT # 6 : Secondary Instance Name                INSTANCE8
SLT # 6 : Resync Sequence Number             ##JNLSEQNO1##
SLT # 6 : Connect Sequence Number                        1 [0x0000000000000001]
----------------------------------------------------------
SLT # 7 : Secondary Instance Name                INSTANCE9
SLT # 7 : Resync Sequence Number             ##JNLSEQNO1##
SLT # 7 : Connect Sequence Number                        1 [0x0000000000000001]
----------------------------------------------------------
SLT # 8 : Secondary Instance Name               INSTANCE10
SLT # 8 : Resync Sequence Number             ##JNLSEQNO1##
SLT # 8 : Connect Sequence Number                        1 [0x0000000000000001]
----------------------------------------------------------
SLT # 9 : Secondary Instance Name               INSTANCE11
SLT # 9 : Resync Sequence Number             ##JNLSEQNO1##
SLT # 9 : Connect Sequence Number                        1 [0x0000000000000001]
----------------------------------------------------------
SLT #10 : Secondary Instance Name               INSTANCE12
SLT #10 : Resync Sequence Number             ##JNLSEQNO1##
SLT #10 : Connect Sequence Number                        1 [0x0000000000000001]
----------------------------------------------------------
SLT #11 : Secondary Instance Name               INSTANCE13
SLT #11 : Resync Sequence Number             ##JNLSEQNO1##
SLT #11 : Connect Sequence Number                        1 [0x0000000000000001]
----------------------------------------------------------
SLT #12 : Secondary Instance Name               INSTANCE14
SLT #12 : Resync Sequence Number             ##JNLSEQNO1##
SLT #12 : Connect Sequence Number                        1 [0x0000000000000001]
----------------------------------------------------------
SLT #13 : Secondary Instance Name               INSTANCE15
SLT #13 : Resync Sequence Number             ##JNLSEQNO1##
SLT #13 : Connect Sequence Number                        1 [0x0000000000000001]
----------------------------------------------------------
SLT #14 : Secondary Instance Name               INSTANCE16
SLT #14 : Resync Sequence Number             ##JNLSEQNO1##
SLT #14 : Connect Sequence Number                        1 [0x0000000000000001]
----------------------------------------------------------
SLT #15 : Secondary Instance Name               INSTANCE17
SLT #15 : Resync Sequence Number             ##JNLSEQNO1##
SLT #15 : Connect Sequence Number                        1 [0x0000000000000001]

----------------------------------------------------------
Source Server Structures
----------------------------------------------------------
SRC # 0 : Secondary Instance Name               INSTANCE19
SRC # 0 : Source Server Pid                        ##PID##
SRC # 0 : Source Server Mode                        ACTIVE
SRC # 0 : Processing State                 SENDING_JNLRECS
SRC # 0 : Slot Index                                     0
SRC # 0 : Journal record Compression Level         ##LVL##
SRC # 0 : Remote Protocol Version                        6 [0x00000006]
SRC # 0 : Remote Journal Version                        44 [0x0000002C]
SRC # 0 : Remote has Standard Null Collation          TRUE
SRC # 0 : Remote Supports Triggers       ##TRUE_OR_FALSE##
SRC # 0 : Remote is Cross Endian         ##TRUE_OR_FALSE##
SRC # 0 : Remote Endianness Known                     TRUE
SRC # 0 : Remote needs Null Subs Xform               FALSE
SRC # 0 : Remote is Supplementary Instance  ##TRUE/FALSE##
SRC # 0 : Currently Reading from          ##POOL_OR_FILE##
SRC # 0 : Journal File Only              ##TRUE_OR_FALSE##
SRC # 0 : Relative Read Offset                 ##OFFSET1##
SRC # 0 : Absolute Read Offset                 ##OFFSET1##
SRC # 0 : Resync Sequence Number             ##JNLSEQNO1##
SRC # 0 : Connect Sequence Number            ##JNLSEQNO2##
SRC # 0 : Number of histinfo structures                  1 [0x00000001]
SRC # 0 : Next histinfo Number                           1 [0x00000001]
SRC # 0 : Next histinfo Seqno         18446744073709551615 [0xFFFFFFFFFFFFFFFF]
SRC # 0 : Last Flush Resync Seqno            ##JNLSEQNO1##
SRC # 0 : Send New histinfo                          FALSE
SRC # 0 : Send LostTN Complete                       FALSE
SRC # 0 : Secondary HOSTNAME                  ##HOSTNAME##
SRC # 0 : Secondary Address Family        ##IPv4_OR_IPv6##
SRC # 0 : Secondary INET Address              ##INETADDR##
SRC # 0 : Secondary Port                        ##PORTNO## [0x........]
SRC # 0 : Log Interval                                1000 [0x000003E8]
SRC # 0 : Log File                             ##LOGFILE##
SRC # 0 : Changelog                                      0 [0x00000000]
SRC # 0 : Statslog                                       0 [0x00000000]
SRC # 0 : Statslog File                                   
SRC # 0 : Connect Parms Hard Tries Count                 5 [0x00000005]
SRC # 0 : Connect Parms Hard Tries Period              500 [0x000001F4]
SRC # 0 : Connect Parms Soft Tries Period                5 [0x00000005]
SRC # 0 : Connect Parms Alert Period                     0 [0x00000000]
SRC # 0 : Connect Parms Heartbeat Period                15 [0x0000000F]
SRC # 0 : Connect Parms Heartbeat Max Wait              60 [0x0000003C]
SRC # 0 : Shutdown State                                 0 [0x00000000]
SRC # 0 : Shutdown Time in seconds                      -1 [0xFFFFFFFF]
SRC # 0 : Filter Command                                  
SRC # 0 : Next Renegotiate Time                          0
SRC # 0 : Number of TLS/SSL renegotiations               0 [0x00000000]
----------------------------------------------------------
----------------------------------------------------------
SRC # 1 : Secondary Instance Name               INSTANCE20
SRC # 1 : Source Server Pid                        ##PID##
SRC # 1 : Source Server Mode                        ACTIVE
SRC # 1 : Processing State                 SENDING_JNLRECS
SRC # 1 : Slot Index                                     1
SRC # 1 : Journal record Compression Level         ##LVL##
SRC # 1 : Remote Protocol Version                        6 [0x00000006]
SRC # 1 : Remote Journal Version                        44 [0x0000002C]
SRC # 1 : Remote has Standard Null Collation          TRUE
SRC # 1 : Remote Supports Triggers       ##TRUE_OR_FALSE##
SRC # 1 : Remote is Cross Endian         ##TRUE_OR_FALSE##
SRC # 1 : Remote Endianness Known                     TRUE
SRC # 1 : Remote needs Null Subs Xform               FALSE
SRC # 1 : Remote is Supplementary Instance  ##TRUE/FALSE##
SRC # 1 : Currently Reading from          ##POOL_OR_FILE##
SRC # 1 : Journal File Only              ##TRUE_OR_FALSE##
SRC # 1 : Relative Read Offset                 ##OFFSET1##
SRC # 1 : Absolute Read Offset                 ##OFFSET1##
SRC # 1 : Resync Sequence Number             ##JNLSEQNO1##
SRC # 1 : Connect Sequence Number            ##JNLSEQNO2##
SRC # 1 : Number of histinfo structures                  1 [0x00000001]
SRC # 1 : Next histinfo Number                           1 [0x00000001]
SRC # 1 : Next histinfo Seqno         18446744073709551615 [0xFFFFFFFFFFFFFFFF]
SRC # 1 : Last Flush Resync Seqno            ##JNLSEQNO1##
SRC # 1 : Send New histinfo                          FALSE
SRC # 1 : Send LostTN Complete                       FALSE
SRC # 1 : Secondary HOSTNAME                  ##HOSTNAME##
SRC # 1 : Secondary Address Family        ##IPv4_OR_IPv6##
SRC # 1 : Secondary INET Address              ##INETADDR##
SRC # 1 : Secondary Port                        ##PORTNO## [0x........]
SRC # 1 : Log Interval                                1000 [0x000003E8]
SRC # 1 : Log File                             ##LOGFILE##
SRC # 1 : Changelog                                      0 [0x00000000]
SRC # 1 : Statslog                                       0 [0x00000000]
SRC # 1 : Statslog File                                   
SRC # 1 : Connect Parms Hard Tries Count                 5 [0x00000005]
SRC # 1 : Connect Parms Hard Tries Period              500 [0x000001F4]
SRC # 1 : Connect Parms Soft Tries Period                5 [0x00000005]
SRC # 1 : Connect Parms Alert Period                     0 [0x00000000]
SRC # 1 : Connect Parms Heartbeat Period                15 [0x0000000F]
SRC # 1 : Connect Parms Heartbeat Max Wait              60 [0x0000003C]
SRC # 1 : Shutdown State                                 0 [0x00000000]
SRC # 1 : Shutdown Time in seconds                      -1 [0xFFFFFFFF]
SRC # 1 : Filter Command                                  
SRC # 1 : Next Renegotiate Time                          0
SRC # 1 : Number of TLS/SSL renegotiations               0 [0x00000000]
----------------------------------------------------------
----------------------------------------------------------
SRC # 2 : Secondary Instance Name                INSTANCE4
SRC # 2 : Source Server Pid                        ##PID##
SRC # 2 : Source Server Mode                        ACTIVE
SRC # 2 : Processing State                     DUMMY_STATE
SRC # 2 : Slot Index                                     2
SRC # 2 : Journal record Compression Level         ##LVL##
SRC # 2 : Remote Protocol Version                       -1 [0xFFFFFFFF]
SRC # 2 : Remote Journal Version                        44 [0x0000002C]
SRC # 2 : Remote has Standard Null Collation          TRUE
SRC # 2 : Remote Supports Triggers       ##TRUE_OR_FALSE##
SRC # 2 : Remote is Cross Endian         ##TRUE_OR_FALSE##
SRC # 2 : Remote Endianness Known                    FALSE
SRC # 2 : Remote needs Null Subs Xform               FALSE
SRC # 2 : Remote is Supplementary Instance  ##TRUE/FALSE##
SRC # 2 : Currently Reading from          ##POOL_OR_FILE##
SRC # 2 : Journal File Only              ##TRUE_OR_FALSE##
SRC # 2 : Relative Read Offset                 ##OFFSET1##
SRC # 2 : Absolute Read Offset                 ##OFFSET1##
SRC # 2 : Resync Sequence Number             ##JNLSEQNO2##
SRC # 2 : Connect Sequence Number                        1 [0x0000000000000001]
SRC # 2 : Number of histinfo structures                  1 [0x00000001]
SRC # 2 : Next histinfo Number                           1 [0x00000001]
SRC # 2 : Next histinfo Seqno         18446744073709551615 [0xFFFFFFFFFFFFFFFF]
SRC # 2 : Last Flush Resync Seqno            ##JNLSEQNO2##
SRC # 2 : Send New histinfo                          FALSE
SRC # 2 : Send LostTN Complete                       FALSE
SRC # 2 : Secondary HOSTNAME                  ##HOSTNAME##
SRC # 2 : Secondary Address Family        ##IPv4_OR_IPv6##
SRC # 2 : Secondary INET Address              ##INETADDR##
SRC # 2 : Secondary Port                        ##PORTNO## [0x........]
SRC # 2 : Log Interval                                1000 [0x000003E8]
SRC # 2 : Log File                             ##LOGFILE##
SRC # 2 : Changelog                                      0 [0x00000000]
SRC # 2 : Statslog                                       0 [0x00000000]
SRC # 2 : Statslog File                                   
SRC # 2 : Connect Parms Hard Tries Count                 5 [0x00000005]
SRC # 2 : Connect Parms Hard Tries Period              500 [0x000001F4]
SRC # 2 : Connect Parms Soft Tries Period                5 [0x00000005]
SRC # 2 : Connect Parms Alert Period                     0 [0x00000000]
SRC # 2 : Connect Parms Heartbeat Period                15 [0x0000000F]
SRC # 2 : Connect Parms Heartbeat Max Wait              60 [0x0000003C]
SRC # 2 : Shutdown State                                 2 [0x00000002]
SRC # 2 : Shutdown Time in seconds                      -1 [0xFFFFFFFF]
SRC # 2 : Filter Command                                  
SRC # 2 : Next Renegotiate Time                          0
SRC # 2 : Number of TLS/SSL renegotiations               0 [0x00000000]
----------------------------------------------------------
----------------------------------------------------------
SRC # 3 : Secondary Instance Name                INSTANCE5
SRC # 3 : Source Server Pid                        ##PID##
SRC # 3 : Source Server Mode                       PASSIVE
SRC # 3 : Processing State                           START
SRC # 3 : Slot Index                                     3
SRC # 3 : Journal record Compression Level         ##LVL##
SRC # 3 : Remote Protocol Version                        6 [0x00000006]
SRC # 3 : Remote Journal Version                        44 [0x0000002C]
SRC # 3 : Remote has Standard Null Collation          TRUE
SRC # 3 : Remote Supports Triggers       ##TRUE_OR_FALSE##
SRC # 3 : Remote is Cross Endian         ##TRUE_OR_FALSE##
SRC # 3 : Remote Endianness Known                     TRUE
SRC # 3 : Remote needs Null Subs Xform               FALSE
SRC # 3 : Remote is Supplementary Instance  ##TRUE/FALSE##
SRC # 3 : Currently Reading from          ##POOL_OR_FILE##
SRC # 3 : Journal File Only              ##TRUE_OR_FALSE##
SRC # 3 : Relative Read Offset                 ##OFFSET1##
SRC # 3 : Absolute Read Offset                 ##OFFSET1##
SRC # 3 : Resync Sequence Number             ##JNLSEQNO2##
SRC # 3 : Connect Sequence Number                        1 [0x0000000000000001]
SRC # 3 : Number of histinfo structures                  1 [0x00000001]
SRC # 3 : Next histinfo Number                           1 [0x00000001]
SRC # 3 : Next histinfo Seqno         18446744073709551615 [0xFFFFFFFFFFFFFFFF]
SRC # 3 : Last Flush Resync Seqno            ##JNLSEQNO2##
SRC # 3 : Send New histinfo                          FALSE
SRC # 3 : Send LostTN Complete                       FALSE
SRC # 3 : Secondary HOSTNAME                  ##HOSTNAME##
SRC # 3 : Secondary Address Family        ##IPv4_OR_IPv6##
SRC # 3 : Secondary INET Address              ##INETADDR##
SRC # 3 : Secondary Port                        ##PORTNO## [0x........]
SRC # 3 : Log Interval                                1000 [0x000003E8]
SRC # 3 : Log File                             ##LOGFILE##
SRC # 3 : Changelog                                      0 [0x00000000]
SRC # 3 : Statslog                                       0 [0x00000000]
SRC # 3 : Statslog File                                   
SRC # 3 : Connect Parms Hard Tries Count                 5 [0x00000005]
SRC # 3 : Connect Parms Hard Tries Period              500 [0x000001F4]
SRC # 3 : Connect Parms Soft Tries Period                5 [0x00000005]
SRC # 3 : Connect Parms Alert Period                     0 [0x00000000]
SRC # 3 : Connect Parms Heartbeat Period                15 [0x0000000F]
SRC # 3 : Connect Parms Heartbeat Max Wait              60 [0x0000003C]
SRC # 3 : Shutdown State                                 0 [0x00000000]
SRC # 3 : Shutdown Time in seconds                      -1 [0xFFFFFFFF]
SRC # 3 : Filter Command                                  
SRC # 3 : Next Renegotiate Time                          0
SRC # 3 : Number of TLS/SSL renegotiations               0 [0x00000000]
----------------------------------------------------------
----------------------------------------------------------
SRC # 4 : Secondary Instance Name                INSTANCE6
SRC # 4 : Source Server Pid                        ##PID##
SRC # 4 : Source Server Mode                        ACTIVE
SRC # 4 : Processing State                 SENDING_JNLRECS
SRC # 4 : Slot Index                                     4
SRC # 4 : Journal record Compression Level         ##LVL##
SRC # 4 : Remote Protocol Version                        6 [0x00000006]
SRC # 4 : Remote Journal Version                        44 [0x0000002C]
SRC # 4 : Remote has Standard Null Collation          TRUE
SRC # 4 : Remote Supports Triggers       ##TRUE_OR_FALSE##
SRC # 4 : Remote is Cross Endian         ##TRUE_OR_FALSE##
SRC # 4 : Remote Endianness Known                     TRUE
SRC # 4 : Remote needs Null Subs Xform               FALSE
SRC # 4 : Remote is Supplementary Instance  ##TRUE/FALSE##
SRC # 4 : Currently Reading from          ##POOL_OR_FILE##
SRC # 4 : Journal File Only              ##TRUE_OR_FALSE##
SRC # 4 : Relative Read Offset                 ##OFFSET1##
SRC # 4 : Absolute Read Offset                 ##OFFSET1##
SRC # 4 : Resync Sequence Number             ##JNLSEQNO1##
SRC # 4 : Connect Sequence Number                        1 [0x0000000000000001]
SRC # 4 : Number of histinfo structures                  1 [0x00000001]
SRC # 4 : Next histinfo Number                           1 [0x00000001]
SRC # 4 : Next histinfo Seqno         18446744073709551615 [0xFFFFFFFFFFFFFFFF]
SRC # 4 : Last Flush Resync Seqno            ##JNLSEQNO1##
SRC # 4 : Send New histinfo                          FALSE
SRC # 4 : Send LostTN Complete                       FALSE
SRC # 4 : Secondary HOSTNAME                  ##HOSTNAME##
SRC # 4 : Secondary Address Family        ##IPv4_OR_IPv6##
SRC # 4 : Secondary INET Address              ##INETADDR##
SRC # 4 : Secondary Port                        ##PORTNO## [0x........]
SRC # 4 : Log Interval                                1000 [0x000003E8]
SRC # 4 : Log File                             ##LOGFILE##
SRC # 4 : Changelog                                      0 [0x00000000]
SRC # 4 : Statslog                                       0 [0x00000000]
SRC # 4 : Statslog File                                   
SRC # 4 : Connect Parms Hard Tries Count                 5 [0x00000005]
SRC # 4 : Connect Parms Hard Tries Period              500 [0x000001F4]
SRC # 4 : Connect Parms Soft Tries Period                5 [0x00000005]
SRC # 4 : Connect Parms Alert Period                     0 [0x00000000]
SRC # 4 : Connect Parms Heartbeat Period                15 [0x0000000F]
SRC # 4 : Connect Parms Heartbeat Max Wait              60 [0x0000003C]
SRC # 4 : Shutdown State                                 0 [0x00000000]
SRC # 4 : Shutdown Time in seconds                      -1 [0xFFFFFFFF]
SRC # 4 : Filter Command                                  
SRC # 4 : Next Renegotiate Time                          0
SRC # 4 : Number of TLS/SSL renegotiations               0 [0x00000000]
----------------------------------------------------------
----------------------------------------------------------
SRC # 5 : Secondary Instance Name                INSTANCE7
SRC # 5 : Source Server Pid                        ##PID##
SRC # 5 : Source Server Mode                        ACTIVE
SRC # 5 : Processing State                 SENDING_JNLRECS
SRC # 5 : Slot Index                                     5
SRC # 5 : Journal record Compression Level         ##LVL##
SRC # 5 : Remote Protocol Version                        6 [0x00000006]
SRC # 5 : Remote Journal Version                        44 [0x0000002C]
SRC # 5 : Remote has Standard Null Collation          TRUE
SRC # 5 : Remote Supports Triggers       ##TRUE_OR_FALSE##
SRC # 5 : Remote is Cross Endian         ##TRUE_OR_FALSE##
SRC # 5 : Remote Endianness Known                     TRUE
SRC # 5 : Remote needs Null Subs Xform               FALSE
SRC # 5 : Remote is Supplementary Instance  ##TRUE/FALSE##
SRC # 5 : Currently Reading from          ##POOL_OR_FILE##
SRC # 5 : Journal File Only              ##TRUE_OR_FALSE##
SRC # 5 : Relative Read Offset                 ##OFFSET1##
SRC # 5 : Absolute Read Offset                 ##OFFSET1##
SRC # 5 : Resync Sequence Number             ##JNLSEQNO1##
SRC # 5 : Connect Sequence Number                        1 [0x0000000000000001]
SRC # 5 : Number of histinfo structures                  1 [0x00000001]
SRC # 5 : Next histinfo Number                           1 [0x00000001]
SRC # 5 : Next histinfo Seqno         18446744073709551615 [0xFFFFFFFFFFFFFFFF]
SRC # 5 : Last Flush Resync Seqno            ##JNLSEQNO1##
SRC # 5 : Send New histinfo                          FALSE
SRC # 5 : Send LostTN Complete                       FALSE
SRC # 5 : Secondary HOSTNAME                  ##HOSTNAME##
SRC # 5 : Secondary Address Family        ##IPv4_OR_IPv6##
SRC # 5 : Secondary INET Address              ##INETADDR##
SRC # 5 : Secondary Port                        ##PORTNO## [0x........]
SRC # 5 : Log Interval                                1000 [0x000003E8]
SRC # 5 : Log File                             ##LOGFILE##
SRC # 5 : Changelog                                      0 [0x00000000]
SRC # 5 : Statslog                                       0 [0x00000000]
SRC # 5 : Statslog File                                   
SRC # 5 : Connect Parms Hard Tries Count                 5 [0x00000005]
SRC # 5 : Connect Parms Hard Tries Period              500 [0x000001F4]
SRC # 5 : Connect Parms Soft Tries Period                5 [0x00000005]
SRC # 5 : Connect Parms Alert Period                     0 [0x00000000]
SRC # 5 : Connect Parms Heartbeat Period                15 [0x0000000F]
SRC # 5 : Connect Parms Heartbeat Max Wait              60 [0x0000003C]
SRC # 5 : Shutdown State                                 0 [0x00000000]
SRC # 5 : Shutdown Time in seconds                      -1 [0xFFFFFFFF]
SRC # 5 : Filter Command                                  
SRC # 5 : Next Renegotiate Time                          0
SRC # 5 : Number of TLS/SSL renegotiations               0 [0x00000000]
----------------------------------------------------------
----------------------------------------------------------
SRC # 6 : Secondary Instance Name                INSTANCE8
SRC # 6 : Source Server Pid                        ##PID##
SRC # 6 : Source Server Mode                        ACTIVE
SRC # 6 : Processing State                 SENDING_JNLRECS
SRC # 6 : Slot Index                                     6
SRC # 6 : Journal record Compression Level         ##LVL##
SRC # 6 : Remote Protocol Version                        6 [0x00000006]
SRC # 6 : Remote Journal Version                        44 [0x0000002C]
SRC # 6 : Remote has Standard Null Collation          TRUE
SRC # 6 : Remote Supports Triggers       ##TRUE_OR_FALSE##
SRC # 6 : Remote is Cross Endian         ##TRUE_OR_FALSE##
SRC # 6 : Remote Endianness Known                     TRUE
SRC # 6 : Remote needs Null Subs Xform               FALSE
SRC # 6 : Remote is Supplementary Instance  ##TRUE/FALSE##
SRC # 6 : Currently Reading from          ##POOL_OR_FILE##
SRC # 6 : Journal File Only              ##TRUE_OR_FALSE##
SRC # 6 : Relative Read Offset                 ##OFFSET1##
SRC # 6 : Absolute Read Offset                 ##OFFSET1##
SRC # 6 : Resync Sequence Number             ##JNLSEQNO1##
SRC # 6 : Connect Sequence Number                        1 [0x0000000000000001]
SRC # 6 : Number of histinfo structures                  1 [0x00000001]
SRC # 6 : Next histinfo Number                           1 [0x00000001]
SRC # 6 : Next histinfo Seqno         18446744073709551615 [0xFFFFFFFFFFFFFFFF]
SRC # 6 : Last Flush Resync Seqno            ##JNLSEQNO1##
SRC # 6 : Send New histinfo                          FALSE
SRC # 6 : Send LostTN Complete                       FALSE
SRC # 6 : Secondary HOSTNAME                  ##HOSTNAME##
SRC # 6 : Secondary Address Family        ##IPv4_OR_IPv6##
SRC # 6 : Secondary INET Address              ##INETADDR##
SRC # 6 : Secondary Port                        ##PORTNO## [0x........]
SRC # 6 : Log Interval                                1000 [0x000003E8]
SRC # 6 : Log File                             ##LOGFILE##
SRC # 6 : Changelog                                      0 [0x00000000]
SRC # 6 : Statslog                                       0 [0x00000000]
SRC # 6 : Statslog File                                   
SRC # 6 : Connect Parms Hard Tries Count                 5 [0x00000005]
SRC # 6 : Connect Parms Hard Tries Period              500 [0x000001F4]
SRC # 6 : Connect Parms Soft Tries Period                5 [0x00000005]
SRC # 6 : Connect Parms Alert Period                     0 [0x00000000]
SRC # 6 : Connect Parms Heartbeat Period                15 [0x0000000F]
SRC # 6 : Connect Parms Heartbeat Max Wait              60 [0x0000003C]
SRC # 6 : Shutdown State                                 0 [0x00000000]
SRC # 6 : Shutdown Time in seconds                      -1 [0xFFFFFFFF]
SRC # 6 : Filter Command                                  
SRC # 6 : Next Renegotiate Time                          0
SRC # 6 : Number of TLS/SSL renegotiations               0 [0x00000000]
----------------------------------------------------------
----------------------------------------------------------
SRC # 7 : Secondary Instance Name                INSTANCE9
SRC # 7 : Source Server Pid                        ##PID##
SRC # 7 : Source Server Mode                        ACTIVE
SRC # 7 : Processing State                 SENDING_JNLRECS
SRC # 7 : Slot Index                                     7
SRC # 7 : Journal record Compression Level         ##LVL##
SRC # 7 : Remote Protocol Version                        6 [0x00000006]
SRC # 7 : Remote Journal Version                        44 [0x0000002C]
SRC # 7 : Remote has Standard Null Collation          TRUE
SRC # 7 : Remote Supports Triggers       ##TRUE_OR_FALSE##
SRC # 7 : Remote is Cross Endian         ##TRUE_OR_FALSE##
SRC # 7 : Remote Endianness Known                     TRUE
SRC # 7 : Remote needs Null Subs Xform               FALSE
SRC # 7 : Remote is Supplementary Instance  ##TRUE/FALSE##
SRC # 7 : Currently Reading from          ##POOL_OR_FILE##
SRC # 7 : Journal File Only              ##TRUE_OR_FALSE##
SRC # 7 : Relative Read Offset                 ##OFFSET1##
SRC # 7 : Absolute Read Offset                 ##OFFSET1##
SRC # 7 : Resync Sequence Number             ##JNLSEQNO1##
SRC # 7 : Connect Sequence Number                        1 [0x0000000000000001]
SRC # 7 : Number of histinfo structures                  1 [0x00000001]
SRC # 7 : Next histinfo Number                           1 [0x00000001]
SRC # 7 : Next histinfo Seqno         18446744073709551615 [0xFFFFFFFFFFFFFFFF]
SRC # 7 : Last Flush Resync Seqno            ##JNLSEQNO1##
SRC # 7 : Send New histinfo                          FALSE
SRC # 7 : Send LostTN Complete                       FALSE
SRC # 7 : Secondary HOSTNAME                  ##HOSTNAME##
SRC # 7 : Secondary Address Family        ##IPv4_OR_IPv6##
SRC # 7 : Secondary INET Address              ##INETADDR##
SRC # 7 : Secondary Port                        ##PORTNO## [0x........]
SRC # 7 : Log Interval                                1000 [0x000003E8]
SRC # 7 : Log File                             ##LOGFILE##
SRC # 7 : Changelog                                      0 [0x00000000]
SRC # 7 : Statslog                                       0 [0x00000000]
SRC # 7 : Statslog File                                   
SRC # 7 : Connect Parms Hard Tries Count                 5 [0x00000005]
SRC # 7 : Connect Parms Hard Tries Period              500 [0x000001F4]
SRC # 7 : Connect Parms Soft Tries Period                5 [0x00000005]
SRC # 7 : Connect Parms Alert Period                     0 [0x00000000]
SRC # 7 : Connect Parms Heartbeat Period                15 [0x0000000F]
SRC # 7 : Connect Parms Heartbeat Max Wait              60 [0x0000003C]
SRC # 7 : Shutdown State                                 0 [0x00000000]
SRC # 7 : Shutdown Time in seconds                      -1 [0xFFFFFFFF]
SRC # 7 : Filter Command                                  
SRC # 7 : Next Renegotiate Time                          0
SRC # 7 : Number of TLS/SSL renegotiations               0 [0x00000000]
----------------------------------------------------------
----------------------------------------------------------
SRC # 8 : Secondary Instance Name               INSTANCE10
SRC # 8 : Source Server Pid                        ##PID##
SRC # 8 : Source Server Mode                        ACTIVE
SRC # 8 : Processing State                 SENDING_JNLRECS
SRC # 8 : Slot Index                                     8
SRC # 8 : Journal record Compression Level         ##LVL##
SRC # 8 : Remote Protocol Version                        6 [0x00000006]
SRC # 8 : Remote Journal Version                        44 [0x0000002C]
SRC # 8 : Remote has Standard Null Collation          TRUE
SRC # 8 : Remote Supports Triggers       ##TRUE_OR_FALSE##
SRC # 8 : Remote is Cross Endian         ##TRUE_OR_FALSE##
SRC # 8 : Remote Endianness Known                     TRUE
SRC # 8 : Remote needs Null Subs Xform               FALSE
SRC # 8 : Remote is Supplementary Instance  ##TRUE/FALSE##
SRC # 8 : Currently Reading from          ##POOL_OR_FILE##
SRC # 8 : Journal File Only              ##TRUE_OR_FALSE##
SRC # 8 : Relative Read Offset                 ##OFFSET1##
SRC # 8 : Absolute Read Offset                 ##OFFSET1##
SRC # 8 : Resync Sequence Number             ##JNLSEQNO1##
SRC # 8 : Connect Sequence Number                        1 [0x0000000000000001]
SRC # 8 : Number of histinfo structures                  1 [0x00000001]
SRC # 8 : Next histinfo Number                           1 [0x00000001]
SRC # 8 : Next histinfo Seqno         18446744073709551615 [0xFFFFFFFFFFFFFFFF]
SRC # 8 : Last Flush Resync Seqno            ##JNLSEQNO1##
SRC # 8 : Send New histinfo                          FALSE
SRC # 8 : Send LostTN Complete                       FALSE
SRC # 8 : Secondary HOSTNAME                  ##HOSTNAME##
SRC # 8 : Secondary Address Family        ##IPv4_OR_IPv6##
SRC # 8 : Secondary INET Address              ##INETADDR##
SRC # 8 : Secondary Port                        ##PORTNO## [0x........]
SRC # 8 : Log Interval                                1000 [0x000003E8]
SRC # 8 : Log File                             ##LOGFILE##
SRC # 8 : Changelog                                      0 [0x00000000]
SRC # 8 : Statslog                                       0 [0x00000000]
SRC # 8 : Statslog File                                   
SRC # 8 : Connect Parms Hard Tries Count                 5 [0x00000005]
SRC # 8 : Connect Parms Hard Tries Period              500 [0x000001F4]
SRC # 8 : Connect Parms Soft Tries Period                5 [0x00000005]
SRC # 8 : Connect Parms Alert Period                     0 [0x00000000]
SRC # 8 : Connect Parms Heartbeat Period                15 [0x0000000F]
SRC # 8 : Connect Parms Heartbeat Max Wait              60 [0x0000003C]
SRC # 8 : Shutdown State                                 0 [0x00000000]
SRC # 8 : Shutdown Time in seconds                      -1 [0xFFFFFFFF]
SRC # 8 : Filter Command                                  
SRC # 8 : Next Renegotiate Time                          0
SRC # 8 : Number of TLS/SSL renegotiations               0 [0x00000000]
----------------------------------------------------------
----------------------------------------------------------
SRC # 9 : Secondary Instance Name               INSTANCE11
SRC # 9 : Source Server Pid                        ##PID##
SRC # 9 : Source Server Mode                        ACTIVE
SRC # 9 : Processing State                 SENDING_JNLRECS
SRC # 9 : Slot Index                                     9
SRC # 9 : Journal record Compression Level         ##LVL##
SRC # 9 : Remote Protocol Version                        6 [0x00000006]
SRC # 9 : Remote Journal Version                        44 [0x0000002C]
SRC # 9 : Remote has Standard Null Collation          TRUE
SRC # 9 : Remote Supports Triggers       ##TRUE_OR_FALSE##
SRC # 9 : Remote is Cross Endian         ##TRUE_OR_FALSE##
SRC # 9 : Remote Endianness Known                     TRUE
SRC # 9 : Remote needs Null Subs Xform               FALSE
SRC # 9 : Remote is Supplementary Instance  ##TRUE/FALSE##
SRC # 9 : Currently Reading from          ##POOL_OR_FILE##
SRC # 9 : Journal File Only              ##TRUE_OR_FALSE##
SRC # 9 : Relative Read Offset                 ##OFFSET1##
SRC # 9 : Absolute Read Offset                 ##OFFSET1##
SRC # 9 : Resync Sequence Number             ##JNLSEQNO1##
SRC # 9 : Connect Sequence Number                        1 [0x0000000000000001]
SRC # 9 : Number of histinfo structures                  1 [0x00000001]
SRC # 9 : Next histinfo Number                           1 [0x00000001]
SRC # 9 : Next histinfo Seqno         18446744073709551615 [0xFFFFFFFFFFFFFFFF]
SRC # 9 : Last Flush Resync Seqno            ##JNLSEQNO1##
SRC # 9 : Send New histinfo                          FALSE
SRC # 9 : Send LostTN Complete                       FALSE
SRC # 9 : Secondary HOSTNAME                  ##HOSTNAME##
SRC # 9 : Secondary Address Family        ##IPv4_OR_IPv6##
SRC # 9 : Secondary INET Address              ##INETADDR##
SRC # 9 : Secondary Port                        ##PORTNO## [0x........]
SRC # 9 : Log Interval                                1000 [0x000003E8]
SRC # 9 : Log File                             ##LOGFILE##
SRC # 9 : Changelog                                      0 [0x00000000]
SRC # 9 : Statslog                                       0 [0x00000000]
SRC # 9 : Statslog File                                   
SRC # 9 : Connect Parms Hard Tries Count                 5 [0x00000005]
SRC # 9 : Connect Parms Hard Tries Period              500 [0x000001F4]
SRC # 9 : Connect Parms Soft Tries Period                5 [0x00000005]
SRC # 9 : Connect Parms Alert Period                     0 [0x00000000]
SRC # 9 : Connect Parms Heartbeat Period                15 [0x0000000F]
SRC # 9 : Connect Parms Heartbeat Max Wait              60 [0x0000003C]
SRC # 9 : Shutdown State                                 0 [0x00000000]
SRC # 9 : Shutdown Time in seconds                      -1 [0xFFFFFFFF]
SRC # 9 : Filter Command                                  
SRC # 9 : Next Renegotiate Time                          0
SRC # 9 : Number of TLS/SSL renegotiations               0 [0x00000000]
----------------------------------------------------------
----------------------------------------------------------
SRC #10 : Secondary Instance Name               INSTANCE12
SRC #10 : Source Server Pid                        ##PID##
SRC #10 : Source Server Mode                        ACTIVE
SRC #10 : Processing State                 SENDING_JNLRECS
SRC #10 : Slot Index                                    10
SRC #10 : Journal record Compression Level         ##LVL##
SRC #10 : Remote Protocol Version                        6 [0x00000006]
SRC #10 : Remote Journal Version                        44 [0x0000002C]
SRC #10 : Remote has Standard Null Collation          TRUE
SRC #10 : Remote Supports Triggers       ##TRUE_OR_FALSE##
SRC #10 : Remote is Cross Endian         ##TRUE_OR_FALSE##
SRC #10 : Remote Endianness Known                     TRUE
SRC #10 : Remote needs Null Subs Xform               FALSE
SRC #10 : Remote is Supplementary Instance  ##TRUE/FALSE##
SRC #10 : Currently Reading from          ##POOL_OR_FILE##
SRC #10 : Journal File Only              ##TRUE_OR_FALSE##
SRC #10 : Relative Read Offset                 ##OFFSET1##
SRC #10 : Absolute Read Offset                 ##OFFSET1##
SRC #10 : Resync Sequence Number             ##JNLSEQNO1##
SRC #10 : Connect Sequence Number                        1 [0x0000000000000001]
SRC #10 : Number of histinfo structures                  1 [0x00000001]
SRC #10 : Next histinfo Number                           1 [0x00000001]
SRC #10 : Next histinfo Seqno         18446744073709551615 [0xFFFFFFFFFFFFFFFF]
SRC #10 : Last Flush Resync Seqno            ##JNLSEQNO1##
SRC #10 : Send New histinfo                          FALSE
SRC #10 : Send LostTN Complete                       FALSE
SRC #10 : Secondary HOSTNAME                  ##HOSTNAME##
SRC #10 : Secondary Address Family        ##IPv4_OR_IPv6##
SRC #10 : Secondary INET Address              ##INETADDR##
SRC #10 : Secondary Port                        ##PORTNO## [0x........]
SRC #10 : Log Interval                                1000 [0x000003E8]
SRC #10 : Log File                             ##LOGFILE##
SRC #10 : Changelog                                      0 [0x00000000]
SRC #10 : Statslog                                       0 [0x00000000]
SRC #10 : Statslog File                                   
SRC #10 : Connect Parms Hard Tries Count                 5 [0x00000005]
SRC #10 : Connect Parms Hard Tries Period              500 [0x000001F4]
SRC #10 : Connect Parms Soft Tries Period                5 [0x00000005]
SRC #10 : Connect Parms Alert Period                     0 [0x00000000]
SRC #10 : Connect Parms Heartbeat Period                15 [0x0000000F]
SRC #10 : Connect Parms Heartbeat Max Wait              60 [0x0000003C]
SRC #10 : Shutdown State                                 0 [0x00000000]
SRC #10 : Shutdown Time in seconds                      -1 [0xFFFFFFFF]
SRC #10 : Filter Command                                  
SRC #10 : Next Renegotiate Time                          0
SRC #10 : Number of TLS/SSL renegotiations               0 [0x00000000]
----------------------------------------------------------
----------------------------------------------------------
SRC #11 : Secondary Instance Name               INSTANCE13
SRC #11 : Source Server Pid                        ##PID##
SRC #11 : Source Server Mode                        ACTIVE
SRC #11 : Processing State                 SENDING_JNLRECS
SRC #11 : Slot Index                                    11
SRC #11 : Journal record Compression Level         ##LVL##
SRC #11 : Remote Protocol Version                        6 [0x00000006]
SRC #11 : Remote Journal Version                        44 [0x0000002C]
SRC #11 : Remote has Standard Null Collation          TRUE
SRC #11 : Remote Supports Triggers       ##TRUE_OR_FALSE##
SRC #11 : Remote is Cross Endian         ##TRUE_OR_FALSE##
SRC #11 : Remote Endianness Known                     TRUE
SRC #11 : Remote needs Null Subs Xform               FALSE
SRC #11 : Remote is Supplementary Instance  ##TRUE/FALSE##
SRC #11 : Currently Reading from          ##POOL_OR_FILE##
SRC #11 : Journal File Only              ##TRUE_OR_FALSE##
SRC #11 : Relative Read Offset                 ##OFFSET1##
SRC #11 : Absolute Read Offset                 ##OFFSET1##
SRC #11 : Resync Sequence Number             ##JNLSEQNO1##
SRC #11 : Connect Sequence Number                        1 [0x0000000000000001]
SRC #11 : Number of histinfo structures                  1 [0x00000001]
SRC #11 : Next histinfo Number                           1 [0x00000001]
SRC #11 : Next histinfo Seqno         18446744073709551615 [0xFFFFFFFFFFFFFFFF]
SRC #11 : Last Flush Resync Seqno            ##JNLSEQNO1##
SRC #11 : Send New histinfo                          FALSE
SRC #11 : Send LostTN Complete                       FALSE
SRC #11 : Secondary HOSTNAME                  ##HOSTNAME##
SRC #11 : Secondary Address Family        ##IPv4_OR_IPv6##
SRC #11 : Secondary INET Address              ##INETADDR##
SRC #11 : Secondary Port                        ##PORTNO## [0x........]
SRC #11 : Log Interval                                1000 [0x000003E8]
SRC #11 : Log File                             ##LOGFILE##
SRC #11 : Changelog                                      0 [0x00000000]
SRC #11 : Statslog                                       0 [0x00000000]
SRC #11 : Statslog File                                   
SRC #11 : Connect Parms Hard Tries Count                 5 [0x00000005]
SRC #11 : Connect Parms Hard Tries Period              500 [0x000001F4]
SRC #11 : Connect Parms Soft Tries Period                5 [0x00000005]
SRC #11 : Connect Parms Alert Period                     0 [0x00000000]
SRC #11 : Connect Parms Heartbeat Period                15 [0x0000000F]
SRC #11 : Connect Parms Heartbeat Max Wait              60 [0x0000003C]
SRC #11 : Shutdown State                                 0 [0x00000000]
SRC #11 : Shutdown Time in seconds                      -1 [0xFFFFFFFF]
SRC #11 : Filter Command                                  
SRC #11 : Next Renegotiate Time                          0
SRC #11 : Number of TLS/SSL renegotiations               0 [0x00000000]
----------------------------------------------------------
----------------------------------------------------------
SRC #12 : Secondary Instance Name               INSTANCE14
SRC #12 : Source Server Pid                        ##PID##
SRC #12 : Source Server Mode                        ACTIVE
SRC #12 : Processing State                 SENDING_JNLRECS
SRC #12 : Slot Index                                    12
SRC #12 : Journal record Compression Level         ##LVL##
SRC #12 : Remote Protocol Version                        6 [0x00000006]
SRC #12 : Remote Journal Version                        44 [0x0000002C]
SRC #12 : Remote has Standard Null Collation          TRUE
SRC #12 : Remote Supports Triggers       ##TRUE_OR_FALSE##
SRC #12 : Remote is Cross Endian         ##TRUE_OR_FALSE##
SRC #12 : Remote Endianness Known                     TRUE
SRC #12 : Remote needs Null Subs Xform               FALSE
SRC #12 : Remote is Supplementary Instance  ##TRUE/FALSE##
SRC #12 : Currently Reading from          ##POOL_OR_FILE##
SRC #12 : Journal File Only              ##TRUE_OR_FALSE##
SRC #12 : Relative Read Offset                 ##OFFSET1##
SRC #12 : Absolute Read Offset                 ##OFFSET1##
SRC #12 : Resync Sequence Number             ##JNLSEQNO1##
SRC #12 : Connect Sequence Number                        1 [0x0000000000000001]
SRC #12 : Number of histinfo structures                  1 [0x00000001]
SRC #12 : Next histinfo Number                           1 [0x00000001]
SRC #12 : Next histinfo Seqno         18446744073709551615 [0xFFFFFFFFFFFFFFFF]
SRC #12 : Last Flush Resync Seqno            ##JNLSEQNO1##
SRC #12 : Send New histinfo                          FALSE
SRC #12 : Send LostTN Complete                       FALSE
SRC #12 : Secondary HOSTNAME                  ##HOSTNAME##
SRC #12 : Secondary Address Family        ##IPv4_OR_IPv6##
SRC #12 : Secondary INET Address              ##INETADDR##
SRC #12 : Secondary Port                        ##PORTNO## [0x........]
SRC #12 : Log Interval                                1000 [0x000003E8]
SRC #12 : Log File                             ##LOGFILE##
SRC #12 : Changelog                                      0 [0x00000000]
SRC #12 : Statslog                                       0 [0x00000000]
SRC #12 : Statslog File                                   
SRC #12 : Connect Parms Hard Tries Count                 5 [0x00000005]
SRC #12 : Connect Parms Hard Tries Period              500 [0x000001F4]
SRC #12 : Connect Parms Soft Tries Period                5 [0x00000005]
SRC #12 : Connect Parms Alert Period                     0 [0x00000000]
SRC #12 : Connect Parms Heartbeat Period                15 [0x0000000F]
SRC #12 : Connect Parms Heartbeat Max Wait              60 [0x0000003C]
SRC #12 : Shutdown State                                 0 [0x00000000]
SRC #12 : Shutdown Time in seconds                      -1 [0xFFFFFFFF]
SRC #12 : Filter Command                                  
SRC #12 : Next Renegotiate Time                          0
SRC #12 : Number of TLS/SSL renegotiations               0 [0x00000000]
----------------------------------------------------------
----------------------------------------------------------
SRC #13 : Secondary Instance Name               INSTANCE15
SRC #13 : Source Server Pid                        ##PID##
SRC #13 : Source Server Mode                        ACTIVE
SRC #13 : Processing State                 SENDING_JNLRECS
SRC #13 : Slot Index                                    13
SRC #13 : Journal record Compression Level         ##LVL##
SRC #13 : Remote Protocol Version                        6 [0x00000006]
SRC #13 : Remote Journal Version                        44 [0x0000002C]
SRC #13 : Remote has Standard Null Collation          TRUE
SRC #13 : Remote Supports Triggers       ##TRUE_OR_FALSE##
SRC #13 : Remote is Cross Endian         ##TRUE_OR_FALSE##
SRC #13 : Remote Endianness Known                     TRUE
SRC #13 : Remote needs Null Subs Xform               FALSE
SRC #13 : Remote is Supplementary Instance  ##TRUE/FALSE##
SRC #13 : Currently Reading from          ##POOL_OR_FILE##
SRC #13 : Journal File Only              ##TRUE_OR_FALSE##
SRC #13 : Relative Read Offset                 ##OFFSET1##
SRC #13 : Absolute Read Offset                 ##OFFSET1##
SRC #13 : Resync Sequence Number             ##JNLSEQNO1##
SRC #13 : Connect Sequence Number                        1 [0x0000000000000001]
SRC #13 : Number of histinfo structures                  1 [0x00000001]
SRC #13 : Next histinfo Number                           1 [0x00000001]
SRC #13 : Next histinfo Seqno         18446744073709551615 [0xFFFFFFFFFFFFFFFF]
SRC #13 : Last Flush Resync Seqno            ##JNLSEQNO1##
SRC #13 : Send New histinfo                          FALSE
SRC #13 : Send LostTN Complete                       FALSE
SRC #13 : Secondary HOSTNAME                  ##HOSTNAME##
SRC #13 : Secondary Address Family        ##IPv4_OR_IPv6##
SRC #13 : Secondary INET Address              ##INETADDR##
SRC #13 : Secondary Port                        ##PORTNO## [0x........]
SRC #13 : Log Interval                                1000 [0x000003E8]
SRC #13 : Log File                             ##LOGFILE##
SRC #13 : Changelog                                      0 [0x00000000]
SRC #13 : Statslog                                       0 [0x00000000]
SRC #13 : Statslog File                                   
SRC #13 : Connect Parms Hard Tries Count                 5 [0x00000005]
SRC #13 : Connect Parms Hard Tries Period              500 [0x000001F4]
SRC #13 : Connect Parms Soft Tries Period                5 [0x00000005]
SRC #13 : Connect Parms Alert Period                     0 [0x00000000]
SRC #13 : Connect Parms Heartbeat Period                15 [0x0000000F]
SRC #13 : Connect Parms Heartbeat Max Wait              60 [0x0000003C]
SRC #13 : Shutdown State                                 0 [0x00000000]
SRC #13 : Shutdown Time in seconds                      -1 [0xFFFFFFFF]
SRC #13 : Filter Command                                  
SRC #13 : Next Renegotiate Time                          0
SRC #13 : Number of TLS/SSL renegotiations               0 [0x00000000]
----------------------------------------------------------
----------------------------------------------------------
SRC #14 : Secondary Instance Name               INSTANCE16
SRC #14 : Source Server Pid                        ##PID##
SRC #14 : Source Server Mode                        ACTIVE
SRC #14 : Processing State                 SENDING_JNLRECS
SRC #14 : Slot Index                                    14
SRC #14 : Journal record Compression Level         ##LVL##
SRC #14 : Remote Protocol Version                        6 [0x00000006]
SRC #14 : Remote Journal Version                        44 [0x0000002C]
SRC #14 : Remote has Standard Null Collation          TRUE
SRC #14 : Remote Supports Triggers       ##TRUE_OR_FALSE##
SRC #14 : Remote is Cross Endian         ##TRUE_OR_FALSE##
SRC #14 : Remote Endianness Known                     TRUE
SRC #14 : Remote needs Null Subs Xform               FALSE
SRC #14 : Remote is Supplementary Instance  ##TRUE/FALSE##
SRC #14 : Currently Reading from          ##POOL_OR_FILE##
SRC #14 : Journal File Only              ##TRUE_OR_FALSE##
SRC #14 : Relative Read Offset                 ##OFFSET1##
SRC #14 : Absolute Read Offset                 ##OFFSET1##
SRC #14 : Resync Sequence Number             ##JNLSEQNO1##
SRC #14 : Connect Sequence Number                        1 [0x0000000000000001]
SRC #14 : Number of histinfo structures                  1 [0x00000001]
SRC #14 : Next histinfo Number                           1 [0x00000001]
SRC #14 : Next histinfo Seqno         18446744073709551615 [0xFFFFFFFFFFFFFFFF]
SRC #14 : Last Flush Resync Seqno            ##JNLSEQNO1##
SRC #14 : Send New histinfo                          FALSE
SRC #14 : Send LostTN Complete                       FALSE
SRC #14 : Secondary HOSTNAME                  ##HOSTNAME##
SRC #14 : Secondary Address Family        ##IPv4_OR_IPv6##
SRC #14 : Secondary INET Address              ##INETADDR##
SRC #14 : Secondary Port                        ##PORTNO## [0x........]
SRC #14 : Log Interval                                1000 [0x000003E8]
SRC #14 : Log File                             ##LOGFILE##
SRC #14 : Changelog                                      0 [0x00000000]
SRC #14 : Statslog                                       0 [0x00000000]
SRC #14 : Statslog File                                   
SRC #14 : Connect Parms Hard Tries Count                 5 [0x00000005]
SRC #14 : Connect Parms Hard Tries Period              500 [0x000001F4]
SRC #14 : Connect Parms Soft Tries Period                5 [0x00000005]
SRC #14 : Connect Parms Alert Period                     0 [0x00000000]
SRC #14 : Connect Parms Heartbeat Period                15 [0x0000000F]
SRC #14 : Connect Parms Heartbeat Max Wait              60 [0x0000003C]
SRC #14 : Shutdown State                                 0 [0x00000000]
SRC #14 : Shutdown Time in seconds                      -1 [0xFFFFFFFF]
SRC #14 : Filter Command                                  
SRC #14 : Next Renegotiate Time                          0
SRC #14 : Number of TLS/SSL renegotiations               0 [0x00000000]
----------------------------------------------------------
----------------------------------------------------------
SRC #15 : Secondary Instance Name               INSTANCE17
SRC #15 : Source Server Pid                        ##PID##
SRC #15 : Source Server Mode                        ACTIVE
SRC #15 : Processing State                 SENDING_JNLRECS
SRC #15 : Slot Index                                    15
SRC #15 : Journal record Compression Level         ##LVL##
SRC #15 : Remote Protocol Version                        6 [0x00000006]
SRC #15 : Remote Journal Version                        44 [0x0000002C]
SRC #15 : Remote has Standard Null Collation          TRUE
SRC #15 : Remote Supports Triggers       ##TRUE_OR_FALSE##
SRC #15 : Remote is Cross Endian         ##TRUE_OR_FALSE##
SRC #15 : Remote Endianness Known                     TRUE
SRC #15 : Remote needs Null Subs Xform               FALSE
SRC #15 : Remote is Supplementary Instance  ##TRUE/FALSE##
SRC #15 : Currently Reading from          ##POOL_OR_FILE##
SRC #15 : Journal File Only              ##TRUE_OR_FALSE##
SRC #15 : Relative Read Offset                 ##OFFSET1##
SRC #15 : Absolute Read Offset                 ##OFFSET1##
SRC #15 : Resync Sequence Number             ##JNLSEQNO1##
SRC #15 : Connect Sequence Number                        1 [0x0000000000000001]
SRC #15 : Number of histinfo structures                  1 [0x00000001]
SRC #15 : Next histinfo Number                           1 [0x00000001]
SRC #15 : Next histinfo Seqno         18446744073709551615 [0xFFFFFFFFFFFFFFFF]
SRC #15 : Last Flush Resync Seqno            ##JNLSEQNO1##
SRC #15 : Send New histinfo                          FALSE
SRC #15 : Send LostTN Complete                       FALSE
SRC #15 : Secondary HOSTNAME                  ##HOSTNAME##
SRC #15 : Secondary Address Family        ##IPv4_OR_IPv6##
SRC #15 : Secondary INET Address              ##INETADDR##
SRC #15 : Secondary Port                        ##PORTNO## [0x........]
SRC #15 : Log Interval                                1000 [0x000003E8]
SRC #15 : Log File                             ##LOGFILE##
SRC #15 : Changelog                                      0 [0x00000000]
SRC #15 : Statslog                                       0 [0x00000000]
SRC #15 : Statslog File                                   
SRC #15 : Connect Parms Hard Tries Count                 5 [0x00000005]
SRC #15 : Connect Parms Hard Tries Period              500 [0x000001F4]
SRC #15 : Connect Parms Soft Tries Period                5 [0x00000005]
SRC #15 : Connect Parms Alert Period                     0 [0x00000000]
SRC #15 : Connect Parms Heartbeat Period                15 [0x0000000F]
SRC #15 : Connect Parms Heartbeat Max Wait              60 [0x0000003C]
SRC #15 : Shutdown State                                 0 [0x00000000]
SRC #15 : Shutdown Time in seconds                      -1 [0xFFFFFFFF]
SRC #15 : Filter Command                                  
SRC #15 : Next Renegotiate Time                          0
SRC #15 : Number of TLS/SSL renegotiations               0 [0x00000000]
----------------------------------------------------------
