%S=$C(1)
%S=$C(2)
%S=$C(3)
%S=$C(4)
%S=$C(5)
%S=$C(6)
%S=$C(7)
%S=$C(8)
%S=$C(9)
%S=$C(10)
%S=$C(11)
%S=$C(12)
%S=$C(13)
%S=$C(14)
%S=$C(15)
%S=$C(16)
%S=$C(17)
%S=$C(18)
%S=$C(19)
%S=$C(20)
%S=$C(21)
%S=$C(22)
%S=$C(23)
%S=$C(24)
%S=$C(25)
%S=$C(26)
%S=$C(27)
%S=$C(28)
%S=$C(29)
%S=$C(30)
%S=$C(31)
%S=" "
%S="!"
%S=""""
%S="#"
%S="$"
%S="%"
%S="&"
%S="'"
%S="("
%S=")"
%S="*"
%S="+"
%S=","
%S="-"
%S="."
%S="/"
%S=0
%S=1
%S=2
%S=3
%S=4
%S=5
%S=6
%S=7
%S=8
%S=9
%S=":"
%S=";"
%S="<"
%S="="
%S=">"
%S="?"
%S="@"
%S="A"
%S="B"
%S="C"
%S="D"
%S="E"
%S="F"
%S="G"
%S="H"
%S="I"
%S="J"
%S="K"
%S="L"
%S="M"
%S="N"
%S="O"
%S="P"
%S="Q"
%S="R"
%S="S"
%S="T"
%S="U"
%S="V"
%S="W"
%S="X"
%S="Y"
%S="Z"
%S="["
%S="\"
%S="]"
%S="^"
%S="_"
%S="`"
%S="A"
%S="B"
%S="C"
%S="D"
%S="E"
%S="F"
%S="G"
%S="H"
%S="I"
%S="J"
%S="K"
%S="L"
%S="M"
%S="N"
%S="O"
%S="P"
%S="Q"
%S="R"
%S="S"
%S="T"
%S="U"
%S="V"
%S="W"
%S="X"
%S="Y"
%S="Z"
%S="{"
%S="|"
%S="}"
%S="~"
%S=$C(127)
%S=$C(128)
%S=$C(129)
%S=$C(130)
%S=$C(131)
%S=$C(132)
%S=$C(133)
%S=$C(134)
%S=$C(135)
%S=$C(136)
%S=$C(137)
%S=$C(138)
%S=$C(139)
%S=$C(140)
%S=$C(141)
%S=$C(142)
%S=$C(143)
%S=$C(144)
%S=$C(145)
%S=$C(146)
%S=$C(147)
%S=$C(148)
%S=$C(149)
%S=$C(150)
%S=$C(151)
%S=$C(152)
%S=$C(153)
%S=$C(154)
%S=$C(155)
%S=$C(156)
%S=$C(157)
%S=$C(158)
%S=$C(159)
%S=" "
%S="¡"
%S="¢"
%S="£"
%S="¤"
%S="¥"
%S="¦"
%S="§"
%S="¨"
%S="©"
%S="ª"
%S="«"
%S="¬"
%S=$C(173)
%S="®"
%S="¯"
%S="°"
%S="±"
%S="²"
%S="³"
%S="´"
%S="Μ"
%S="¶"
%S="·"
%S="¸"
%S="¹"
%S="º"
%S="»"
%S="¼"
%S="½"
%S="¾"
%S="¿"
%S="À"
%S="Á"
%S="Â"
%S="Ã"
%S="Ä"
%S="Å"
%S="Æ"
%S="Ç"
%S="È"
%S="É"
%S="Ê"
%S="Ë"
%S="Ì"
%S="Í"
%S="Î"
%S="Ï"
%S="Ð"
%S="Ñ"
%S="Ò"
%S="Ó"
%S="Ô"
%S="Õ"
%S="Ö"
%S="×"
%S="Ø"
%S="Ù"
%S="Ú"
%S="Û"
%S="Ü"
%S="Ý"
%S="Þ"
%S="SS"
%S="À"
%S="Á"
%S="Â"
%S="Ã"
%S="Ä"
%S="Å"
%S="Æ"
%S="Ç"
%S="È"
%S="É"
%S="Ê"
%S="Ë"
%S="Ì"
%S="Í"
%S="Î"
%S="Ï"
%S="Ð"
%S="Ñ"
%S="Ò"
%S="Ó"
%S="Ô"
%S="Õ"
%S="Ö"
%S="÷"
%S="Ø"
%S="Ù"
%S="Ú"
%S="Û"
%S="Ü"
%S="Ý"
%S="Þ"
%S="Ÿ"
