OC_LINEFETCH
    1    SET ^x="a",^x(1)="b",^x(2)="c"
OC_LINESTART
OC_GVNAME
OC_GVPUT
OC_GVNAME
OC_GVPUT
OC_GVNAMENAKED
OC_GVPUT
    2   	Q:(^x="a")&(^x(1)="b")&(^x(2)="c")
OC_LINESTART
OC_GVNAME
OC_GVGET
OC_GVNAME
OC_GVSAVTARG
OC_GVNAMENAKED
OC_GVSAVTARG
OC_BOOLEXPRSTART
OC_ANDOR
OC_ANDOR
OC_BXRELOP_EQU
OC_JMPEQU
OC_ANDOR
OC_GVRECTARG
OC_GVGET
OC_BXRELOP_EQU
OC_JMPEQU
OC_ANDOR
OC_GVRECTARG
OC_GVGET
OC_BXRELOP_EQU
OC_JMPEQU
OC_BOOLEXPRFINISH
OC_GVRECTARG
OC_RET
OC_JMP
OC_JMP
OC_BOOLEXPRFINISH
OC_GVRECTARG
    3   	W "TEST-E-FAIL: expected ""abc"", got ,^x,^x(1),^x(2),",!  Q
OC_LINESTART
OC_WRITE
OC_WTEOL
OC_RET
OC_RET
