      -1000.050
      -1000.043
      -1000.000
       -999.997
       -999.450
        -10.050
        -10.043
        -10.000
         -9.997
         -9.450
         -2.050
         -2.043
         -2.000
         -1.997
         -1.450
         -1.050
         -1.043
         -1.000
         -0.997
         -0.450
         -0.050
         -0.043
          0.000
          0.003
          0.550
          0.950
          0.957
          1.000
          1.003
          1.550
          9.950
          9.957
         10.000
         10.003
         10.550
         99.950
         99.957
        100.000
        100.003
        100.550
     999999.950
     999999.957
    1000000.000
    1000000.003
    1000000.550
       -1000.05
      -1000.043
          -1000
       -999.997
        -999.45
         -10.05
        -10.043
            -10
         -9.997
          -9.45
          -2.05
         -2.043
             -2
         -1.997
          -1.45
          -1.05
         -1.043
             -1
          -.997
           -.45
           -.05
          -.043
              0
           .003
            .55
            .95
           .957
              1
          1.003
           1.55
           9.95
          9.957
             10
         10.003
          10.55
          99.95
         99.957
            100
        100.003
         100.55
      999999.95
     999999.957
        1000000
    1000000.003
     1000000.55
-1000.0500000000
-1000.0430000000
-1000.0000000000
-999.9970000000
-999.4500000000
 -10.0500000000
 -10.0430000000
 -10.0000000000
  -9.9970000000
  -9.4500000000
  -2.0500000000
  -2.0430000000
  -2.0000000000
  -1.9970000000
  -1.4500000000
  -1.0500000000
  -1.0430000000
  -1.0000000000
  -0.9970000000
  -0.4500000000
  -0.0500000000
  -0.0430000000
   0.0000000000
   0.0030000000
   0.5500000000
   0.9500000000
   0.9570000000
   1.0000000000
   1.0030000000
   1.5500000000
   9.9500000000
   9.9570000000
  10.0000000000
  10.0030000000
  10.5500000000
  99.9500000000
  99.9570000000
 100.0000000000
 100.0030000000
 100.5500000000
999999.9500000000
999999.9570000000
1000000.0000000000
1000000.0030000000
1000000.5500000000
          -1000
          -1000
          -1000
          -1000
           -999
            -10
            -10
            -10
            -10
             -9
             -2
             -2
             -2
             -2
             -1
             -1
             -1
             -1
             -1
              0
              0
              0
              0
              0
              1
              1
              1
              1
              1
              2
             10
             10
             10
             10
             11
            100
            100
            100
            100
            101
        1000000
        1000000
        1000000
        1000000
        1000001
        -1000.1
        -1000.0
        -1000.0
        -1000.0
         -999.5
          -10.1
          -10.0
          -10.0
          -10.0
           -9.5
           -2.1
           -2.0
           -2.0
           -2.0
           -1.5
           -1.1
           -1.0
           -1.0
           -1.0
           -0.5
           -0.1
            0.0
            0.0
            0.0
            0.6
            1.0
            1.0
            1.0
            1.0
            1.6
           10.0
           10.0
           10.0
           10.0
           10.6
          100.0
          100.0
          100.0
          100.0
          100.6
      1000000.0
      1000000.0
      1000000.0
      1000000.0
      1000000.6
       -1000.05
       -1000.04
       -1000.00
       -1000.00
        -999.45
         -10.05
         -10.04
         -10.00
         -10.00
          -9.45
          -2.05
          -2.04
          -2.00
          -2.00
          -1.45
          -1.05
          -1.04
          -1.00
          -1.00
          -0.45
          -0.05
          -0.04
           0.00
           0.00
           0.55
           0.95
           0.96
           1.00
           1.00
           1.55
           9.95
           9.96
          10.00
          10.00
          10.55
          99.95
          99.96
         100.00
         100.00
         100.55
      999999.95
      999999.96
     1000000.00
     1000000.00
     1000000.55
      -1000.050
      -1000.043
      -1000.000
       -999.997
       -999.450
        -10.050
        -10.043
        -10.000
         -9.997
         -9.450
         -2.050
         -2.043
         -2.000
         -1.997
         -1.450
         -1.050
         -1.043
         -1.000
         -0.997
         -0.450
         -0.050
         -0.043
          0.000
          0.003
          0.550
          0.950
          0.957
          1.000
          1.003
          1.550
          9.950
          9.957
         10.000
         10.003
         10.550
         99.950
         99.957
        100.000
        100.003
        100.550
     999999.950
     999999.957
    1000000.000
    1000000.003
    1000000.550
       -1000.05
      -1000.043
          -1000
       -999.997
        -999.45
         -10.05
        -10.043
            -10
         -9.997
          -9.45
          -2.05
         -2.043
             -2
         -1.997
          -1.45
          -1.05
         -1.043
             -1
          -.997
           -.45
           -.05
          -.043
              0
           .003
            .55
            .95
           .957
              1
          1.003
           1.55
           9.95
          9.957
             10
         10.003
          10.55
          99.95
         99.957
            100
        100.003
         100.55
      999999.95
     999999.957
        1000000
    1000000.003
     1000000.55
-1000.0500000000
-1000.0430000000
-1000.0000000000
-999.9970000000
-999.4500000000
 -10.0500000000
 -10.0430000000
 -10.0000000000
  -9.9970000000
  -9.4500000000
  -2.0500000000
  -2.0430000000
  -2.0000000000
  -1.9970000000
  -1.4500000000
  -1.0500000000
  -1.0430000000
  -1.0000000000
  -0.9970000000
  -0.4500000000
  -0.0500000000
  -0.0430000000
   0.0000000000
   0.0030000000
   0.5500000000
   0.9500000000
   0.9570000000
   1.0000000000
   1.0030000000
   1.5500000000
   9.9500000000
   9.9570000000
  10.0000000000
  10.0030000000
  10.5500000000
  99.9500000000
  99.9570000000
 100.0000000000
 100.0030000000
 100.5500000000
999999.9500000000
999999.9570000000
1000000.0000000000
1000000.0030000000
1000000.5500000000
          -1000
          -1000
          -1000
          -1000
           -999
            -10
            -10
            -10
            -10
             -9
             -2
             -2
             -2
             -2
             -1
             -1
             -1
             -1
             -1
              0
              0
              0
              0
              0
              1
              1
              1
              1
              1
              2
             10
             10
             10
             10
             11
            100
            100
            100
            100
            101
        1000000
        1000000
        1000000
        1000000
        1000001
        -1000.1
        -1000.0
        -1000.0
        -1000.0
         -999.5
          -10.1
          -10.0
          -10.0
          -10.0
           -9.5
           -2.1
           -2.0
           -2.0
           -2.0
           -1.5
           -1.1
           -1.0
           -1.0
           -1.0
           -0.5
           -0.1
            0.0
            0.0
            0.0
            0.6
            1.0
            1.0
            1.0
            1.0
            1.6
           10.0
           10.0
           10.0
           10.0
           10.6
          100.0
          100.0
          100.0
          100.0
          100.6
      1000000.0
      1000000.0
      1000000.0
      1000000.0
      1000000.6
       -1000.05
       -1000.04
       -1000.00
       -1000.00
        -999.45
         -10.05
         -10.04
         -10.00
         -10.00
          -9.45
          -2.05
          -2.04
          -2.00
          -2.00
          -1.45
          -1.05
          -1.04
          -1.00
          -1.00
          -0.45
          -0.05
          -0.04
           0.00
           0.00
           0.55
           0.95
           0.96
           1.00
           1.00
           1.55
           9.95
           9.96
          10.00
          10.00
          10.55
          99.95
          99.96
         100.00
         100.00
         100.55
      999999.95
      999999.96
     1000000.00
     1000000.00
     1000000.55
      3.00
    0.0000
  0.0
